{"meta": {"format": 3, "version": "7.13.0", "timestamp": "2025-12-22T10:25:06.953607", "branch_coverage": false, "show_contexts": false}, "files": {"src\\__init__.py": {"executed_lines": [4, 5, 8], "summary": {"covered_lines": 3, "num_statements": 3, "percent_covered": 100.0, "percent_covered_display": "100", "missing_lines": 0, "excluded_lines": 0, "percent_statements_covered": 100.0, "percent_statements_covered_display": "100"}, "missing_lines": [], "excluded_lines": [], "functions": {"": {"executed_lines": [4, 5, 8], "summary": {"covered_lines": 3, "num_statements": 3, "percent_covered": 100.0, "percent_covered_display": "100", "missing_lines": 0, "excluded_lines": 0, "percent_statements_covered": 100.0, "percent_statements_covered_display": "100"}, "missing_lines": [], "excluded_lines": []}}, "classes": {"": {"executed_lines": [4, 5, 8], "summary": {"covered_lines": 3, "num_statements": 3, "percent_covered": 100.0, "percent_covered_display": "100", "missing_lines": 0, "excluded_lines": 0, "percent_statements_covered": 100.0, "percent_statements_covered_display": "100"}, "missing_lines": [], "excluded_lines": []}}}, "src\\__init___.py": {"executed_lines": [], "summary": {"covered_lines": 0, "num_statements": 2, "percent_covered": 0.0, "percent_covered_display": "0", "missing_lines": 2, "excluded_lines": 0, "percent_statements_covered": 0.0, "percent_statements_covered_display": "0"}, "missing_lines": [5, 6], "excluded_lines": [], "functions": {"": {"executed_lines": [], "summary": {"covered_lines": 0, "num_statements": 2, "percent_covered": 0.0, "percent_covered_display": "0", "missing_lines": 2, "excluded_lines": 0, "percent_statements_covered": 0.0, "percent_statements_covered_display": "0"}, "missing_lines": [5, 6], "excluded_lines": []}}, "classes": {"": {"executed_lines": [], "summary": {"covered_lines": 0, "num_statements": 2, "percent_covered": 0.0, "percent_covered_display": "0", "missing_lines": 2, "excluded_lines": 0, "percent_statements_covered": 0.0, "percent_statements_covered_display": "0"}, "missing_lines": [5, 6], "excluded_lines": []}}}, "src\\aead\\__init__.py": {"executed_lines": [1, 4, 6], "summary": {"covered_lines": 2, "num_statements": 2, "percent_covered": 100.0, "percent_covered_display": "100", "missing_lines": 0, "excluded_lines": 0, "percent_statements_covered": 100.0, "percent_statements_covered_display": "100"}, "missing_lines": [], "excluded_lines": [], "functions": {"": {"executed_lines": [1, 4, 6], "summary": {"covered_lines": 2, "num_statements": 2, "percent_covered": 100.0, "percent_covered_display": "100", "missing_lines": 0, "excluded_lines": 0, "percent_statements_covered": 100.0, "percent_statements_covered_display": "100"}, "missing_lines": [], "excluded_lines": []}}, "classes": {"": {"executed_lines": [1, 4, 6], "summary": {"covered_lines": 2, "num_statements": 2, "percent_covered": 100.0, "percent_covered_display": "100", "missing_lines": 0, "excluded_lines": 0, "percent_statements_covered": 100.0, "percent_statements_covered_display": "100"}, "missing_lines": [], "excluded_lines": []}}}, "src\\aead\\encrypt_then_mac.py": {"executed_lines": [2, 3, 4, 7, 8, 9, 12, 13, 15, 24, 29, 30, 37, 40, 41, 43, 44, 47, 48, 51, 53, 56, 59, 60, 62, 64, 66, 69, 70, 73, 74, 77, 81, 82, 85], "summary": {"covered_lines": 33, "num_statements": 38, "percent_covered": 86.84210526315789, "percent_covered_display": "87", "missing_lines": 5, "excluded_lines": 0, "percent_statements_covered": 86.84210526315789, "percent_statements_covered_display": "87"}, "missing_lines": [26, 31, 33, 67, 78], "excluded_lines": [], "functions": {"EncryptThenMAC.__init__": {"executed_lines": [24, 29, 30, 37, 40, 41, 43, 44, 47, 48, 51], "summary": {"covered_lines": 11, "num_statements": 14, "percent_covered": 78.57142857142857, "percent_covered_display": "79", "missing_lines": 3, "excluded_lines": 0, "percent_statements_covered": 78.57142857142857, "percent_statements_covered_display": "79"}, "missing_lines": [26, 31, 33], "excluded_lines": []}, "EncryptThenMAC.encrypt": {"executed_lines": [56, 59, 60, 62], "summary": {"covered_lines": 4, "num_statements": 4, "percent_covered": 100.0, "percent_covered_display": "100", "missing_lines": 0, "excluded_lines": 0, "percent_statements_covered": 100.0, "percent_statements_covered_display": "100"}, "missing_lines": [], "excluded_lines": []}, "EncryptThenMAC.decrypt": {"executed_lines": [66, 69, 70, 73, 74, 77, 81, 82, 85], "summary": {"covered_lines": 9, "num_statements": 11, "percent_covered": 81.81818181818181, "percent_covered_display": "82", "missing_lines": 2, "excluded_lines": 0, "percent_statements_covered": 81.81818181818181, "percent_statements_covered_display": "82"}, "missing_lines": [67, 78], "excluded_lines": []}, "": {"executed_lines": [2, 3, 4, 7, 8, 9, 12, 13, 15, 53, 64], "summary": {"covered_lines": 9, "num_statements": 9, "percent_covered": 100.0, "percent_covered_display": "100", "missing_lines": 0, "excluded_lines": 0, "percent_statements_covered": 100.0, "percent_statements_covered_display": "100"}, "missing_lines": [], "excluded_lines": []}}, "classes": {"AuthenticationError": {"executed_lines": [], "summary": {"covered_lines": 0, "num_statements": 0, "percent_covered": 100.0, "percent_covered_display": "100", "missing_lines": 0, "excluded_lines": 0, "percent_statements_covered": 100.0, "percent_statements_covered_display": "100"}, "missing_lines": [], "excluded_lines": []}, "EncryptThenMAC": {"executed_lines": [24, 29, 30, 37, 40, 41, 43, 44, 47, 48, 51, 56, 59, 60, 62, 66, 69, 70, 73, 74, 77, 81, 82, 85], "summary": {"covered_lines": 24, "num_statements": 29, "percent_covered": 82.75862068965517, "percent_covered_display": "83", "missing_lines": 5, "excluded_lines": 0, "percent_statements_covered": 82.75862068965517, "percent_statements_covered_display": "83"}, "missing_lines": [26, 31, 33, 67, 78], "excluded_lines": []}, "": {"executed_lines": [2, 3, 4, 7, 8, 9, 12, 13, 15, 53, 64], "summary": {"covered_lines": 9, "num_statements": 9, "percent_covered": 100.0, "percent_covered_display": "100", "missing_lines": 0, "excluded_lines": 0, "percent_statements_covered": 100.0, "percent_statements_covered_display": "100"}, "missing_lines": [], "excluded_lines": []}}}, "src\\ciphers\\aes.py": {"executed_lines": [2, 8, 28, 48, 53, 54, 56, 57, 58, 60, 61, 62, 65, 67, 69, 70, 71, 74, 77, 80, 81, 84, 85, 87, 90, 93, 94, 97, 100, 101, 103, 105, 107, 109, 110, 112, 116, 118, 120, 122, 124, 125, 128, 129, 131, 132, 133, 134, 136, 138, 139, 141, 143, 147, 150, 153, 154, 155, 156, 157, 160, 161, 162, 164, 168], "summary": {"covered_lines": 63, "num_statements": 65, "percent_covered": 96.92307692307692, "percent_covered_display": "97", "missing_lines": 2, "excluded_lines": 0, "percent_statements_covered": 96.92307692307692, "percent_statements_covered_display": "97"}, "missing_lines": [144, 169], "excluded_lines": [], "functions": {"AES.__init__": {"executed_lines": [57, 58, 60, 61, 62, 65], "summary": {"covered_lines": 6, "num_statements": 6, "percent_covered": 100.0, "percent_covered_display": "100", "missing_lines": 0, "excluded_lines": 0, "percent_statements_covered": 100.0, "percent_statements_covered_display": "100"}, "missing_lines": [], "excluded_lines": []}, "AES._key_expansion": {"executed_lines": [69, 70, 71, 74, 77, 80, 81, 84, 85, 87, 90, 93, 94, 97, 100, 101, 103, 105], "summary": {"covered_lines": 18, "num_statements": 18, "percent_covered": 100.0, "percent_covered_display": "100", "missing_lines": 0, "excluded_lines": 0, "percent_statements_covered": 100.0, "percent_statements_covered_display": "100"}, "missing_lines": [], "excluded_lines": []}, "AES._sub_bytes": {"executed_lines": [109, 110], "summary": {"covered_lines": 2, "num_statements": 2, "percent_covered": 100.0, "percent_covered_display": "100", "missing_lines": 0, "excluded_lines": 0, "percent_statements_covered": 100.0, "percent_statements_covered_display": "100"}, "missing_lines": [], "excluded_lines": []}, "AES._shift_rows": {"executed_lines": [116, 118, 120], "summary": {"covered_lines": 3, "num_statements": 3, "percent_covered": 100.0, "percent_covered_display": "100", "missing_lines": 0, "excluded_lines": 0, "percent_statements_covered": 100.0, "percent_statements_covered_display": "100"}, "missing_lines": [], "excluded_lines": []}, "AES._mix_columns": {"executed_lines": [124, 125, 128, 131, 132, 133, 134], "summary": {"covered_lines": 7, "num_statements": 7, "percent_covered": 100.0, "percent_covered_display": "100", "missing_lines": 0, "excluded_lines": 0, "percent_statements_covered": 100.0, "percent_statements_covered_display": "100"}, "missing_lines": [], "excluded_lines": []}, "AES._mix_columns.xtime": {"executed_lines": [129], "summary": {"covered_lines": 1, "num_statements": 1, "percent_covered": 100.0, "percent_covered_display": "100", "missing_lines": 0, "excluded_lines": 0, "percent_statements_covered": 100.0, "percent_statements_covered_display": "100"}, "missing_lines": [], "excluded_lines": []}, "AES._add_round_key": {"executed_lines": [138, 139], "summary": {"covered_lines": 2, "num_statements": 2, "percent_covered": 100.0, "percent_covered_display": "100", "missing_lines": 0, "excluded_lines": 0, "percent_statements_covered": 100.0, "percent_statements_covered_display": "100"}, "missing_lines": [], "excluded_lines": []}, "AES.encrypt": {"executed_lines": [143, 147, 150, 153, 154, 155, 156, 157, 160, 161, 162, 164], "summary": {"covered_lines": 12, "num_statements": 13, "percent_covered": 92.3076923076923, "percent_covered_display": "92", "missing_lines": 1, "excluded_lines": 0, "percent_statements_covered": 92.3076923076923, "percent_statements_covered_display": "92"}, "missing_lines": [144], "excluded_lines": []}, "new": {"executed_lines": [], "summary": {"covered_lines": 0, "num_statements": 1, "percent_covered": 0.0, "percent_covered_display": "0", "missing_lines": 1, "excluded_lines": 0, "percent_statements_covered": 0.0, "percent_statements_covered_display": "0"}, "missing_lines": [169], "excluded_lines": []}, "": {"executed_lines": [2, 8, 28, 48, 53, 54, 56, 67, 107, 112, 122, 136, 141, 168], "summary": {"covered_lines": 12, "num_statements": 12, "percent_covered": 100.0, "percent_covered_display": "100", "missing_lines": 0, "excluded_lines": 0, "percent_statements_covered": 100.0, "percent_statements_covered_display": "100"}, "missing_lines": [], "excluded_lines": []}}, "classes": {"AES": {"executed_lines": [57, 58, 60, 61, 62, 65, 69, 70, 71, 74, 77, 80, 81, 84, 85, 87, 90, 93, 94, 97, 100, 101, 103, 105, 109, 110, 116, 118, 120, 124, 125, 128, 129, 131, 132, 133, 134, 138, 139, 143, 147, 150, 153, 154, 155, 156, 157, 160, 161, 162, 164], "summary": {"covered_lines": 51, "num_statements": 52, "percent_covered": 98.07692307692308, "percent_covered_display": "98", "missing_lines": 1, "excluded_lines": 0, "percent_statements_covered": 98.07692307692308, "percent_statements_covered_display": "98"}, "missing_lines": [144], "excluded_lines": []}, "": {"executed_lines": [2, 8, 28, 48, 53, 54, 56, 67, 107, 112, 122, 136, 141, 168], "summary": {"covered_lines": 12, "num_statements": 13, "percent_covered": 92.3076923076923, "percent_covered_display": "92", "missing_lines": 1, "excluded_lines": 0, "percent_statements_covered": 92.3076923076923, "percent_statements_covered_display": "92"}, "missing_lines": [169], "excluded_lines": []}}}, "src\\cli_parser.py": {"executed_lines": [2, 3, 6, 7, 8, 42, 50, 53, 56, 58, 60, 67, 68, 76, 77, 82, 89, 90, 97, 104, 105, 113, 114, 123, 130, 132, 138, 145, 151, 156, 157, 162, 167, 172, 178, 180, 187, 188, 190, 194, 198, 202, 208, 215, 216, 220, 226, 227, 233, 239, 247, 248, 252, 258, 265, 267, 269, 270, 271, 272, 273, 274, 276, 278, 281, 282, 283, 284, 296, 298, 302, 303, 306, 307, 308, 309, 320, 332, 340, 341, 342, 344, 346, 347, 349, 353, 356, 357, 361, 362, 369, 385, 390, 391, 395, 400, 403, 404, 406, 411, 417, 418, 419, 420, 421, 432, 438, 439, 440, 441, 448, 454, 460, 466, 473], "summary": {"covered_lines": 115, "num_statements": 164, "percent_covered": 70.1219512195122, "percent_covered_display": "70", "missing_lines": 49, "excluded_lines": 0, "percent_statements_covered": 70.1219512195122, "percent_statements_covered_display": "70"}, "missing_lines": [285, 290, 291, 299, 310, 314, 315, 321, 322, 323, 324, 328, 329, 333, 351, 358, 363, 364, 370, 371, 374, 375, 376, 377, 380, 381, 386, 392, 396, 407, 412, 426, 427, 433, 442, 443, 449, 455, 461, 467, 474, 475, 476, 477, 478, 479, 480, 481, 482], "excluded_lines": [], "functions": {"CLIParser.__init__": {"executed_lines": [8, 42, 50, 53, 56], "summary": {"covered_lines": 5, "num_statements": 5, "percent_covered": 100.0, "percent_covered_display": "100", "missing_lines": 0, "excluded_lines": 0, "percent_statements_covered": 100.0, "percent_statements_covered_display": "100"}, "missing_lines": [], "excluded_lines": []}, "CLIParser._setup_encrypt_parser": {"executed_lines": [60, 67, 68, 76, 77, 82, 89, 90, 97, 104, 105, 113, 114, 123], "summary": {"covered_lines": 14, "num_statements": 14, "percent_covered": 100.0, "percent_covered_display": "100", "missing_lines": 0, "excluded_lines": 0, "percent_statements_covered": 100.0, "percent_statements_covered_display": "100"}, "missing_lines": [], "excluded_lines": []}, "CLIParser._setup_dgst_parser": {"executed_lines": [132, 138, 145, 151, 156, 157, 162, 167, 172], "summary": {"covered_lines": 9, "num_statements": 9, "percent_covered": 100.0, "percent_covered_display": "100", "missing_lines": 0, "excluded_lines": 0, "percent_statements_covered": 100.0, "percent_statements_covered_display": "100"}, "missing_lines": [], "excluded_lines": []}, "CLIParser._setup_derive_parser": {"executed_lines": [180, 187, 188, 190, 194, 198, 202, 208, 215, 216, 220, 226, 227, 233, 239, 247, 248, 252, 258], "summary": {"covered_lines": 19, "num_statements": 19, "percent_covered": 100.0, "percent_covered_display": "100", "missing_lines": 0, "excluded_lines": 0, "percent_statements_covered": 100.0, "percent_statements_covered_display": "100"}, "missing_lines": [], "excluded_lines": []}, "CLIParser.parse_args": {"executed_lines": [267, 269, 270, 271, 272, 273, 274, 276], "summary": {"covered_lines": 8, "num_statements": 8, "percent_covered": 100.0, "percent_covered_display": "100", "missing_lines": 0, "excluded_lines": 0, "percent_statements_covered": 100.0, "percent_statements_covered_display": "100"}, "missing_lines": [], "excluded_lines": []}, "CLIParser._validate_encrypt_args": {"executed_lines": [281, 282, 283, 284, 296, 298, 302, 303, 306, 307, 308, 309, 320, 332, 340, 341, 342, 344, 346, 347, 349], "summary": {"covered_lines": 21, "num_statements": 36, "percent_covered": 58.333333333333336, "percent_covered_display": "58", "missing_lines": 15, "excluded_lines": 0, "percent_statements_covered": 58.333333333333336, "percent_statements_covered_display": "58"}, "missing_lines": [285, 290, 291, 299, 310, 314, 315, 321, 322, 323, 324, 328, 329, 333, 351], "excluded_lines": []}, "CLIParser._validate_dgst_args": {"executed_lines": [356, 357, 361, 362, 369, 385, 390, 391, 395], "summary": {"covered_lines": 9, "num_statements": 23, "percent_covered": 39.130434782608695, "percent_covered_display": "39", "missing_lines": 14, "excluded_lines": 0, "percent_statements_covered": 39.130434782608695, "percent_statements_covered_display": "39"}, "missing_lines": [358, 363, 364, 370, 371, 374, 375, 376, 377, 380, 381, 386, 392, 396], "excluded_lines": []}, "CLIParser._validate_derive_args": {"executed_lines": [403, 404, 406, 411, 417, 418, 419, 420, 421, 432, 438, 439, 440, 441, 448, 454, 460, 466], "summary": {"covered_lines": 18, "num_statements": 29, "percent_covered": 62.06896551724138, "percent_covered_display": "62", "missing_lines": 11, "excluded_lines": 0, "percent_statements_covered": 62.06896551724138, "percent_statements_covered_display": "62"}, "missing_lines": [407, 412, 426, 427, 433, 442, 443, 449, 455, 461, 467], "excluded_lines": []}, "": {"executed_lines": [2, 3, 6, 7, 58, 130, 178, 265, 278, 353, 400, 473], "summary": {"covered_lines": 12, "num_statements": 21, "percent_covered": 57.142857142857146, "percent_covered_display": "57", "missing_lines": 9, "excluded_lines": 0, "percent_statements_covered": 57.142857142857146, "percent_statements_covered_display": "57"}, "missing_lines": [474, 475, 476, 477, 478, 479, 480, 481, 482], "excluded_lines": []}}, "classes": {"CLIParser": {"executed_lines": [8, 42, 50, 53, 56, 60, 67, 68, 76, 77, 82, 89, 90, 97, 104, 105, 113, 114, 123, 132, 138, 145, 151, 156, 157, 162, 167, 172, 180, 187, 188, 190, 194, 198, 202, 208, 215, 216, 220, 226, 227, 233, 239, 247, 248, 252, 258, 267, 269, 270, 271, 272, 273, 274, 276, 281, 282, 283, 284, 296, 298, 302, 303, 306, 307, 308, 309, 320, 332, 340, 341, 342, 344, 346, 347, 349, 356, 357, 361, 362, 369, 385, 390, 391, 395, 403, 404, 406, 411, 417, 418, 419, 420, 421, 432, 438, 439, 440, 441, 448, 454, 460, 466], "summary": {"covered_lines": 103, "num_statements": 143, "percent_covered": 72.02797202797203, "percent_covered_display": "72", "missing_lines": 40, "excluded_lines": 0, "percent_statements_covered": 72.02797202797203, "percent_statements_covered_display": "72"}, "missing_lines": [285, 290, 291, 299, 310, 314, 315, 321, 322, 323, 324, 328, 329, 333, 351, 358, 363, 364, 370, 371, 374, 375, 376, 377, 380, 381, 386, 392, 396, 407, 412, 426, 427, 433, 442, 443, 449, 455, 461, 467], "excluded_lines": []}, "": {"executed_lines": [2, 3, 6, 7, 58, 130, 178, 265, 278, 353, 400, 473], "summary": {"covered_lines": 12, "num_statements": 21, "percent_covered": 57.142857142857146, "percent_covered_display": "57", "missing_lines": 9, "excluded_lines": 0, "percent_statements_covered": 57.142857142857146, "percent_statements_covered_display": "57"}, "missing_lines": [474, 475, 476, 477, 478, 479, 480, 481, 482], "excluded_lines": []}}}, "src\\cryptocore.py": {"executed_lines": [], "summary": {"covered_lines": 0, "num_statements": 329, "percent_covered": 0.0, "percent_covered_display": "0", "missing_lines": 329, "excluded_lines": 0, "percent_statements_covered": 0.0, "percent_statements_covered_display": "0"}, "missing_lines": [2, 3, 6, 7, 8, 10, 11, 12, 13, 14, 15, 18, 20, 29, 32, 33, 34, 36, 37, 38, 41, 42, 43, 45, 47, 48, 51, 52, 53, 54, 56, 57, 59, 60, 61, 62, 63, 65, 67, 68, 69, 70, 72, 74, 75, 77, 79, 82, 83, 84, 85, 86, 89, 91, 92, 94, 97, 98, 99, 102, 103, 108, 109, 110, 111, 112, 113, 114, 115, 117, 118, 121, 122, 123, 125, 127, 128, 129, 130, 131, 132, 136, 137, 139, 141, 142, 143, 145, 148, 151, 154, 156, 159, 160, 162, 163, 166, 167, 168, 174, 176, 177, 178, 179, 180, 181, 182, 183, 184, 185, 186, 187, 188, 189, 190, 191, 192, 193, 194, 195, 196, 198, 199, 200, 201, 204, 205, 206, 207, 208, 210, 211, 213, 214, 215, 217, 219, 220, 221, 224, 226, 227, 228, 231, 232, 233, 234, 236, 238, 239, 240, 241, 242, 243, 244, 245, 246, 247, 248, 249, 251, 252, 253, 255, 256, 258, 259, 260, 261, 262, 263, 265, 267, 269, 271, 272, 273, 274, 275, 276, 279, 280, 281, 282, 284, 285, 286, 287, 288, 290, 291, 292, 293, 297, 298, 299, 300, 301, 302, 303, 305, 306, 307, 308, 309, 312, 313, 314, 316, 317, 318, 319, 320, 321, 322, 325, 326, 329, 331, 332, 333, 336, 339, 340, 341, 342, 343, 344, 345, 346, 348, 349, 350, 352, 353, 354, 355, 356, 357, 358, 359, 360, 363, 365, 367, 368, 370, 372, 373, 376, 378, 379, 380, 383, 384, 387, 389, 390, 391, 392, 394, 395, 396, 398, 399, 400, 402, 404, 406, 407, 409, 411, 412, 414, 415, 417, 418, 419, 422, 423, 425, 427, 428, 429, 430, 432, 433, 434, 436, 437, 438, 439, 440, 441, 443, 445, 446, 448, 449, 452, 454, 455, 456, 459, 460, 463, 464, 465, 466, 470, 471, 472, 473, 474, 476, 477, 478, 479, 481, 482, 483, 484, 485, 486, 489, 491, 492, 495, 496], "excluded_lines": [], "functions": {"get_symbol": {"executed_lines": [], "summary": {"covered_lines": 0, "num_statements": 2, "percent_covered": 0.0, "percent_covered_display": "0", "missing_lines": 2, "excluded_lines": 0, "percent_statements_covered": 0.0, "percent_statements_covered_display": "0"}, "missing_lines": [20, 29], "excluded_lines": []}, "CryptoCore.__init__": {"executed_lines": [], "summary": {"covered_lines": 0, "num_statements": 1, "percent_covered": 0.0, "percent_covered_display": "0", "missing_lines": 1, "excluded_lines": 0, "percent_statements_covered": 0.0, "percent_statements_covered_display": "0"}, "missing_lines": [43], "excluded_lines": []}, "CryptoCore.run": {"executed_lines": [], "summary": {"covered_lines": 0, "num_statements": 13, "percent_covered": 0.0, "percent_covered_display": "0", "missing_lines": 13, "excluded_lines": 0, "percent_statements_covered": 0.0, "percent_statements_covered_display": "0"}, "missing_lines": [47, 48, 51, 52, 53, 54, 56, 57, 59, 60, 61, 62, 63], "excluded_lines": []}, "CryptoCore._handle_crypto": {"executed_lines": [], "summary": {"covered_lines": 0, "num_statements": 135, "percent_covered": 0.0, "percent_covered_display": "0", "missing_lines": 135, "excluded_lines": 0, "percent_statements_covered": 0.0, "percent_statements_covered_display": "0"}, "missing_lines": [67, 68, 69, 70, 72, 74, 75, 77, 79, 82, 83, 84, 85, 86, 89, 91, 92, 94, 97, 98, 99, 102, 103, 108, 109, 110, 111, 112, 113, 114, 115, 117, 118, 121, 122, 123, 125, 127, 128, 129, 130, 131, 132, 136, 137, 139, 141, 142, 143, 145, 148, 151, 154, 156, 159, 160, 162, 163, 166, 167, 168, 174, 176, 177, 178, 179, 180, 181, 182, 183, 184, 185, 186, 187, 188, 189, 190, 191, 192, 193, 194, 195, 196, 198, 199, 200, 201, 204, 205, 206, 207, 208, 210, 211, 213, 214, 215, 217, 219, 220, 221, 224, 226, 227, 228, 231, 232, 233, 234, 236, 238, 239, 240, 241, 242, 243, 244, 245, 246, 247, 248, 249, 251, 252, 253, 255, 256, 258, 259, 260, 261, 262, 263, 265, 267], "excluded_lines": []}, "CryptoCore._handle_hash": {"executed_lines": [], "summary": {"covered_lines": 0, "num_statements": 68, "percent_covered": 0.0, "percent_covered_display": "0", "missing_lines": 68, "excluded_lines": 0, "percent_statements_covered": 0.0, "percent_statements_covered_display": "0"}, "missing_lines": [271, 272, 273, 274, 275, 276, 279, 280, 281, 282, 284, 285, 286, 287, 288, 290, 291, 292, 293, 297, 298, 299, 300, 301, 302, 303, 305, 306, 307, 308, 309, 312, 313, 314, 316, 317, 318, 319, 320, 321, 322, 325, 326, 329, 331, 332, 333, 336, 339, 340, 341, 342, 343, 344, 345, 346, 348, 349, 350, 352, 353, 354, 355, 356, 357, 358, 359, 360], "excluded_lines": []}, "CryptoCore._handle_hmac": {"executed_lines": [], "summary": {"covered_lines": 0, "num_statements": 23, "percent_covered": 0.0, "percent_covered_display": "0", "missing_lines": 23, "excluded_lines": 0, "percent_statements_covered": 0.0, "percent_statements_covered_display": "0"}, "missing_lines": [365, 367, 368, 370, 372, 373, 376, 378, 379, 380, 383, 384, 387, 389, 390, 391, 392, 394, 395, 396, 398, 399, 400], "excluded_lines": []}, "CryptoCore._handle_cmac": {"executed_lines": [], "summary": {"covered_lines": 0, "num_statements": 27, "percent_covered": 0.0, "percent_covered_display": "0", "missing_lines": 27, "excluded_lines": 0, "percent_statements_covered": 0.0, "percent_statements_covered_display": "0"}, "missing_lines": [404, 406, 407, 409, 411, 412, 414, 415, 417, 418, 419, 422, 423, 425, 427, 428, 429, 430, 432, 433, 434, 436, 437, 438, 439, 440, 441], "excluded_lines": []}, "CryptoCore._verify_mac": {"executed_lines": [], "summary": {"covered_lines": 0, "num_statements": 29, "percent_covered": 0.0, "percent_covered_display": "0", "missing_lines": 29, "excluded_lines": 0, "percent_statements_covered": 0.0, "percent_statements_covered_display": "0"}, "missing_lines": [445, 446, 448, 449, 452, 454, 455, 456, 459, 460, 463, 464, 465, 466, 470, 471, 472, 473, 474, 476, 477, 478, 479, 481, 482, 483, 484, 485, 486], "excluded_lines": []}, "main": {"executed_lines": [], "summary": {"covered_lines": 0, "num_statements": 2, "percent_covered": 0.0, "percent_covered_display": "0", "missing_lines": 2, "excluded_lines": 0, "percent_statements_covered": 0.0, "percent_statements_covered_display": "0"}, "missing_lines": [491, 492], "excluded_lines": []}, "": {"executed_lines": [], "summary": {"covered_lines": 0, "num_statements": 29, "percent_covered": 0.0, "percent_covered_display": "0", "missing_lines": 29, "excluded_lines": 0, "percent_statements_covered": 0.0, "percent_statements_covered_display": "0"}, "missing_lines": [2, 3, 6, 7, 8, 10, 11, 12, 13, 14, 15, 18, 32, 33, 34, 36, 37, 38, 41, 42, 45, 65, 269, 363, 402, 443, 489, 495, 496], "excluded_lines": []}}, "classes": {"CryptoCore": {"executed_lines": [], "summary": {"covered_lines": 0, "num_statements": 296, "percent_covered": 0.0, "percent_covered_display": "0", "missing_lines": 296, "excluded_lines": 0, "percent_statements_covered": 0.0, "percent_statements_covered_display": "0"}, "missing_lines": [43, 47, 48, 51, 52, 53, 54, 56, 57, 59, 60, 61, 62, 63, 67, 68, 69, 70, 72, 74, 75, 77, 79, 82, 83, 84, 85, 86, 89, 91, 92, 94, 97, 98, 99, 102, 103, 108, 109, 110, 111, 112, 113, 114, 115, 117, 118, 121, 122, 123, 125, 127, 128, 129, 130, 131, 132, 136, 137, 139, 141, 142, 143, 145, 148, 151, 154, 156, 159, 160, 162, 163, 166, 167, 168, 174, 176, 177, 178, 179, 180, 181, 182, 183, 184, 185, 186, 187, 188, 189, 190, 191, 192, 193, 194, 195, 196, 198, 199, 200, 201, 204, 205, 206, 207, 208, 210, 211, 213, 214, 215, 217, 219, 220, 221, 224, 226, 227, 228, 231, 232, 233, 234, 236, 238, 239, 240, 241, 242, 243, 244, 245, 246, 247, 248, 249, 251, 252, 253, 255, 256, 258, 259, 260, 261, 262, 263, 265, 267, 271, 272, 273, 274, 275, 276, 279, 280, 281, 282, 284, 285, 286, 287, 288, 290, 291, 292, 293, 297, 298, 299, 300, 301, 302, 303, 305, 306, 307, 308, 309, 312, 313, 314, 316, 317, 318, 319, 320, 321, 322, 325, 326, 329, 331, 332, 333, 336, 339, 340, 341, 342, 343, 344, 345, 346, 348, 349, 350, 352, 353, 354, 355, 356, 357, 358, 359, 360, 365, 367, 368, 370, 372, 373, 376, 378, 379, 380, 383, 384, 387, 389, 390, 391, 392, 394, 395, 396, 398, 399, 400, 404, 406, 407, 409, 411, 412, 414, 415, 417, 418, 419, 422, 423, 425, 427, 428, 429, 430, 432, 433, 434, 436, 437, 438, 439, 440, 441, 445, 446, 448, 449, 452, 454, 455, 456, 459, 460, 463, 464, 465, 466, 470, 471, 472, 473, 474, 476, 477, 478, 479, 481, 482, 483, 484, 485, 486], "excluded_lines": []}, "": {"executed_lines": [], "summary": {"covered_lines": 0, "num_statements": 33, "percent_covered": 0.0, "percent_covered_display": "0", "missing_lines": 33, "excluded_lines": 0, "percent_statements_covered": 0.0, "percent_statements_covered_display": "0"}, "missing_lines": [2, 3, 6, 7, 8, 10, 11, 12, 13, 14, 15, 18, 20, 29, 32, 33, 34, 36, 37, 38, 41, 42, 45, 65, 269, 363, 402, 443, 489, 491, 492, 495, 496], "excluded_lines": []}}}, "src\\csprng.py": {"executed_lines": [1, 2, 5, 7, 8, 13, 15, 18, 20, 23, 25, 28, 30, 34, 35, 37, 40, 42, 44], "summary": {"covered_lines": 19, "num_statements": 23, "percent_covered": 82.6086956521739, "percent_covered_display": "83", "missing_lines": 4, "excluded_lines": 0, "percent_statements_covered": 82.6086956521739, "percent_statements_covered_display": "83"}, "missing_lines": [9, 10, 31, 38], "excluded_lines": [], "functions": {"generate_random_bytes": {"executed_lines": [7, 8], "summary": {"covered_lines": 2, "num_statements": 4, "percent_covered": 50.0, "percent_covered_display": "50", "missing_lines": 2, "excluded_lines": 0, "percent_statements_covered": 50.0, "percent_statements_covered_display": "50"}, "missing_lines": [9, 10], "excluded_lines": []}, "generate_key": {"executed_lines": [15], "summary": {"covered_lines": 1, "num_statements": 1, "percent_covered": 100.0, "percent_covered_display": "100", "missing_lines": 0, "excluded_lines": 0, "percent_statements_covered": 100.0, "percent_statements_covered_display": "100"}, "missing_lines": [], "excluded_lines": []}, "generate_iv": {"executed_lines": [20], "summary": {"covered_lines": 1, "num_statements": 1, "percent_covered": 100.0, "percent_covered_display": "100", "missing_lines": 0, "excluded_lines": 0, "percent_statements_covered": 100.0, "percent_statements_covered_display": "100"}, "missing_lines": [], "excluded_lines": []}, "bytes_to_hex": {"executed_lines": [25], "summary": {"covered_lines": 1, "num_statements": 1, "percent_covered": 100.0, "percent_covered_display": "100", "missing_lines": 0, "excluded_lines": 0, "percent_statements_covered": 100.0, "percent_statements_covered_display": "100"}, "missing_lines": [], "excluded_lines": []}, "is_weak_key": {"executed_lines": [30, 34, 35, 37, 40, 42, 44], "summary": {"covered_lines": 7, "num_statements": 9, "percent_covered": 77.77777777777777, "percent_covered_display": "78", "missing_lines": 2, "excluded_lines": 0, "percent_statements_covered": 77.77777777777777, "percent_statements_covered_display": "78"}, "missing_lines": [31, 38], "excluded_lines": []}, "": {"executed_lines": [1, 2, 5, 13, 18, 23, 28], "summary": {"covered_lines": 7, "num_statements": 7, "percent_covered": 100.0, "percent_covered_display": "100", "missing_lines": 0, "excluded_lines": 0, "percent_statements_covered": 100.0, "percent_statements_covered_display": "100"}, "missing_lines": [], "excluded_lines": []}}, "classes": {"": {"executed_lines": [1, 2, 5, 7, 8, 13, 15, 18, 20, 23, 25, 28, 30, 34, 35, 37, 40, 42, 44], "summary": {"covered_lines": 19, "num_statements": 23, "percent_covered": 82.6086956521739, "percent_covered_display": "83", "missing_lines": 4, "excluded_lines": 0, "percent_statements_covered": 82.6086956521739, "percent_statements_covered_display": "83"}, "missing_lines": [9, 10, 31, 38], "excluded_lines": []}}}, "src\\file_io.py": {"executed_lines": [1, 3, 4, 5, 6, 7, 8, 9, 10, 11, 13, 14, 15, 16, 17, 18, 19, 20], "summary": {"covered_lines": 18, "num_statements": 18, "percent_covered": 100.0, "percent_covered_display": "100", "missing_lines": 0, "excluded_lines": 0, "percent_statements_covered": 100.0, "percent_statements_covered_display": "100"}, "missing_lines": [], "excluded_lines": [], "functions": {"FileIO.read_file": {"executed_lines": [6, 7, 8, 9, 10, 11], "summary": {"covered_lines": 6, "num_statements": 6, "percent_covered": 100.0, "percent_covered_display": "100", "missing_lines": 0, "excluded_lines": 0, "percent_statements_covered": 100.0, "percent_statements_covered_display": "100"}, "missing_lines": [], "excluded_lines": []}, "FileIO.write_file": {"executed_lines": [15, 16, 17, 18, 19, 20], "summary": {"covered_lines": 6, "num_statements": 6, "percent_covered": 100.0, "percent_covered_display": "100", "missing_lines": 0, "excluded_lines": 0, "percent_statements_covered": 100.0, "percent_statements_covered_display": "100"}, "missing_lines": [], "excluded_lines": []}, "": {"executed_lines": [1, 3, 4, 5, 13, 14], "summary": {"covered_lines": 6, "num_statements": 6, "percent_covered": 100.0, "percent_covered_display": "100", "missing_lines": 0, "excluded_lines": 0, "percent_statements_covered": 100.0, "percent_statements_covered_display": "100"}, "missing_lines": [], "excluded_lines": []}}, "classes": {"FileIO": {"executed_lines": [6, 7, 8, 9, 10, 11, 15, 16, 17, 18, 19, 20], "summary": {"covered_lines": 12, "num_statements": 12, "percent_covered": 100.0, "percent_covered_display": "100", "missing_lines": 0, "excluded_lines": 0, "percent_statements_covered": 100.0, "percent_statements_covered_display": "100"}, "missing_lines": [], "excluded_lines": []}, "": {"executed_lines": [1, 3, 4, 5, 13, 14], "summary": {"covered_lines": 6, "num_statements": 6, "percent_covered": 100.0, "percent_covered_display": "100", "missing_lines": 0, "excluded_lines": 0, "percent_statements_covered": 100.0, "percent_statements_covered_display": "100"}, "missing_lines": [], "excluded_lines": []}}}, "src\\hash\\__init__.py": {"executed_lines": [2, 6, 7, 9], "summary": {"covered_lines": 3, "num_statements": 3, "percent_covered": 100.0, "percent_covered_display": "100", "missing_lines": 0, "excluded_lines": 0, "percent_statements_covered": 100.0, "percent_statements_covered_display": "100"}, "missing_lines": [], "excluded_lines": [], "functions": {"": {"executed_lines": [2, 6, 7, 9], "summary": {"covered_lines": 3, "num_statements": 3, "percent_covered": 100.0, "percent_covered_display": "100", "missing_lines": 0, "excluded_lines": 0, "percent_statements_covered": 100.0, "percent_statements_covered_display": "100"}, "missing_lines": [], "excluded_lines": []}}, "classes": {"": {"executed_lines": [2, 6, 7, 9], "summary": {"covered_lines": 3, "num_statements": 3, "percent_covered": 100.0, "percent_covered_display": "100", "missing_lines": 0, "excluded_lines": 0, "percent_statements_covered": 100.0, "percent_statements_covered_display": "100"}, "missing_lines": [], "excluded_lines": []}}}, "src\\hash\\sha256.py": {"executed_lines": [2, 3, 6, 7, 9, 10, 12, 15, 21, 32, 33, 34, 36, 37, 39, 41, 42, 44, 46, 49, 52, 60, 63, 64, 68, 70, 73, 75, 77, 80, 83, 84, 87, 88, 89, 90, 93, 96, 97, 98, 99, 101, 102, 103, 105, 106, 107, 108, 109, 110, 111, 112, 115, 116, 117, 118, 119, 120, 121, 122, 124, 126, 129, 133, 136, 139, 140, 141, 142, 145, 147, 149, 150, 153, 154, 155, 158, 159, 162, 163, 164, 167, 170, 173, 174, 175, 176, 177, 179, 181, 183, 185, 187, 188, 189, 193, 195, 196, 199], "summary": {"covered_lines": 98, "num_statements": 124, "percent_covered": 79.03225806451613, "percent_covered_display": "79", "missing_lines": 26, "excluded_lines": 0, "percent_statements_covered": 79.03225806451613, "percent_statements_covered_display": "79"}, "missing_lines": [65, 127, 130, 201, 203, 204, 206, 219, 220, 221, 222, 225, 227, 228, 230, 231, 233, 234, 235, 236, 237, 238, 240, 241, 242, 244], "excluded_lines": [], "functions": {"SHA256.__init__": {"executed_lines": [10], "summary": {"covered_lines": 1, "num_statements": 1, "percent_covered": 100.0, "percent_covered_display": "100", "missing_lines": 0, "excluded_lines": 0, "percent_statements_covered": 100.0, "percent_statements_covered_display": "100"}, "missing_lines": [], "excluded_lines": []}, "SHA256.reset": {"executed_lines": [15, 21, 32, 33, 34], "summary": {"covered_lines": 5, "num_statements": 5, "percent_covered": 100.0, "percent_covered_display": "100", "missing_lines": 0, "excluded_lines": 0, "percent_statements_covered": 100.0, "percent_statements_covered_display": "100"}, "missing_lines": [], "excluded_lines": []}, "SHA256._right_rotate": {"executed_lines": [39], "summary": {"covered_lines": 1, "num_statements": 1, "percent_covered": 100.0, "percent_covered_display": "100", "missing_lines": 0, "excluded_lines": 0, "percent_statements_covered": 100.0, "percent_statements_covered_display": "100"}, "missing_lines": [], "excluded_lines": []}, "SHA256._right_shift": {"executed_lines": [44], "summary": {"covered_lines": 1, "num_statements": 1, "percent_covered": 100.0, "percent_covered_display": "100", "missing_lines": 0, "excluded_lines": 0, "percent_statements_covered": 100.0, "percent_statements_covered_display": "100"}, "missing_lines": [], "excluded_lines": []}, "SHA256._sha256_padding": {"executed_lines": [49, 52, 60, 63, 64, 68, 70, 73, 75], "summary": {"covered_lines": 9, "num_statements": 10, "percent_covered": 90.0, "percent_covered_display": "90", "missing_lines": 1, "excluded_lines": 0, "percent_statements_covered": 90.0, "percent_statements_covered_display": "90"}, "missing_lines": [65], "excluded_lines": []}, "SHA256._process_block": {"executed_lines": [80, 83, 84, 87, 88, 89, 90, 93, 96, 97, 98, 99, 101, 102, 103, 105, 106, 107, 108, 109, 110, 111, 112, 115, 116, 117, 118, 119, 120, 121, 122], "summary": {"covered_lines": 31, "num_statements": 31, "percent_covered": 100.0, "percent_covered_display": "100", "missing_lines": 0, "excluded_lines": 0, "percent_statements_covered": 100.0, "percent_statements_covered_display": "100"}, "missing_lines": [], "excluded_lines": []}, "SHA256.update": {"executed_lines": [126, 129, 133, 136, 139, 140, 141, 142, 145], "summary": {"covered_lines": 9, "num_statements": 11, "percent_covered": 81.81818181818181, "percent_covered_display": "82", "missing_lines": 2, "excluded_lines": 0, "percent_statements_covered": 81.81818181818181, "percent_statements_covered_display": "82"}, "missing_lines": [127, 130], "excluded_lines": []}, "SHA256.digest": {"executed_lines": [149, 150, 153, 154, 155, 158, 159, 162, 163, 164, 167, 170, 173, 174, 175, 176, 177, 179], "summary": {"covered_lines": 18, "num_statements": 18, "percent_covered": 100.0, "percent_covered_display": "100", "missing_lines": 0, "excluded_lines": 0, "percent_statements_covered": 100.0, "percent_statements_covered_display": "100"}, "missing_lines": [], "excluded_lines": []}, "SHA256.hexdigest": {"executed_lines": [183], "summary": {"covered_lines": 1, "num_statements": 1, "percent_covered": 100.0, "percent_covered_display": "100", "missing_lines": 0, "excluded_lines": 0, "percent_statements_covered": 100.0, "percent_statements_covered_display": "100"}, "missing_lines": [], "excluded_lines": []}, "SHA256.hash": {"executed_lines": [187, 188, 189], "summary": {"covered_lines": 3, "num_statements": 3, "percent_covered": 100.0, "percent_covered_display": "100", "missing_lines": 0, "excluded_lines": 0, "percent_statements_covered": 100.0, "percent_statements_covered_display": "100"}, "missing_lines": [], "excluded_lines": []}, "sha256": {"executed_lines": [195, 196], "summary": {"covered_lines": 2, "num_statements": 2, "percent_covered": 100.0, "percent_covered_display": "100", "missing_lines": 0, "excluded_lines": 0, "percent_statements_covered": 100.0, "percent_statements_covered_display": "100"}, "missing_lines": [], "excluded_lines": []}, "": {"executed_lines": [2, 3, 6, 7, 9, 12, 36, 37, 41, 42, 46, 77, 124, 147, 181, 185, 193, 199], "summary": {"covered_lines": 17, "num_statements": 40, "percent_covered": 42.5, "percent_covered_display": "42", "missing_lines": 23, "excluded_lines": 0, "percent_statements_covered": 42.5, "percent_statements_covered_display": "42"}, "missing_lines": [201, 203, 204, 206, 219, 220, 221, 222, 225, 227, 228, 230, 231, 233, 234, 235, 236, 237, 238, 240, 241, 242, 244], "excluded_lines": []}}, "classes": {"SHA256": {"executed_lines": [10, 15, 21, 32, 33, 34, 39, 44, 49, 52, 60, 63, 64, 68, 70, 73, 75, 80, 83, 84, 87, 88, 89, 90, 93, 96, 97, 98, 99, 101, 102, 103, 105, 106, 107, 108, 109, 110, 111, 112, 115, 116, 117, 118, 119, 120, 121, 122, 126, 129, 133, 136, 139, 140, 141, 142, 145, 149, 150, 153, 154, 155, 158, 159, 162, 163, 164, 167, 170, 173, 174, 175, 176, 177, 179, 183, 187, 188, 189], "summary": {"covered_lines": 79, "num_statements": 82, "percent_covered": 96.34146341463415, "percent_covered_display": "96", "missing_lines": 3, "excluded_lines": 0, "percent_statements_covered": 96.34146341463415, "percent_statements_covered_display": "96"}, "missing_lines": [65, 127, 130], "excluded_lines": []}, "": {"executed_lines": [2, 3, 6, 7, 9, 12, 36, 37, 41, 42, 46, 77, 124, 147, 181, 185, 193, 195, 196, 199], "summary": {"covered_lines": 19, "num_statements": 42, "percent_covered": 45.23809523809524, "percent_covered_display": "45", "missing_lines": 23, "excluded_lines": 0, "percent_statements_covered": 45.23809523809524, "percent_statements_covered_display": "45"}, "missing_lines": [201, 203, 204, 206, 219, 220, 221, 222, 225, 227, 228, 230, 231, 233, 234, 235, 236, 237, 238, 240, 241, 242, 244], "excluded_lines": []}}}, "src\\hash\\sha3_256.py": {"executed_lines": [2, 5, 6, 8, 9, 11, 13, 15, 17, 19, 21, 23, 25, 27, 29, 33, 39], "summary": {"covered_lines": 16, "num_statements": 27, "percent_covered": 59.25925925925926, "percent_covered_display": "59", "missing_lines": 11, "excluded_lines": 0, "percent_statements_covered": 59.25925925925926, "percent_statements_covered_display": "59"}, "missing_lines": [14, 28, 35, 36, 41, 42, 45, 46, 47, 48, 49], "excluded_lines": [], "functions": {"SHA3_256.__init__": {"executed_lines": [9], "summary": {"covered_lines": 1, "num_statements": 1, "percent_covered": 100.0, "percent_covered_display": "100", "missing_lines": 0, "excluded_lines": 0, "percent_statements_covered": 100.0, "percent_statements_covered_display": "100"}, "missing_lines": [], "excluded_lines": []}, "SHA3_256.update": {"executed_lines": [13, 15], "summary": {"covered_lines": 2, "num_statements": 3, "percent_covered": 66.66666666666667, "percent_covered_display": "67", "missing_lines": 1, "excluded_lines": 0, "percent_statements_covered": 66.66666666666667, "percent_statements_covered_display": "67"}, "missing_lines": [14], "excluded_lines": []}, "SHA3_256.digest": {"executed_lines": [19], "summary": {"covered_lines": 1, "num_statements": 1, "percent_covered": 100.0, "percent_covered_display": "100", "missing_lines": 0, "excluded_lines": 0, "percent_statements_covered": 100.0, "percent_statements_covered_display": "100"}, "missing_lines": [], "excluded_lines": []}, "SHA3_256.hexdigest": {"executed_lines": [23], "summary": {"covered_lines": 1, "num_statements": 1, "percent_covered": 100.0, "percent_covered_display": "100", "missing_lines": 0, "excluded_lines": 0, "percent_statements_covered": 100.0, "percent_statements_covered_display": "100"}, "missing_lines": [], "excluded_lines": []}, "SHA3_256.hash": {"executed_lines": [27, 29], "summary": {"covered_lines": 2, "num_statements": 3, "percent_covered": 66.66666666666667, "percent_covered_display": "67", "missing_lines": 1, "excluded_lines": 0, "percent_statements_covered": 66.66666666666667, "percent_statements_covered_display": "67"}, "missing_lines": [28], "excluded_lines": []}, "sha3_256": {"executed_lines": [], "summary": {"covered_lines": 0, "num_statements": 2, "percent_covered": 0.0, "percent_covered_display": "0", "missing_lines": 2, "excluded_lines": 0, "percent_statements_covered": 0.0, "percent_statements_covered_display": "0"}, "missing_lines": [35, 36], "excluded_lines": []}, "": {"executed_lines": [2, 5, 6, 8, 11, 17, 21, 25, 33, 39], "summary": {"covered_lines": 9, "num_statements": 16, "percent_covered": 56.25, "percent_covered_display": "56", "missing_lines": 7, "excluded_lines": 0, "percent_statements_covered": 56.25, "percent_statements_covered_display": "56"}, "missing_lines": [41, 42, 45, 46, 47, 48, 49], "excluded_lines": []}}, "classes": {"SHA3_256": {"executed_lines": [9, 13, 15, 19, 23, 27, 29], "summary": {"covered_lines": 7, "num_statements": 9, "percent_covered": 77.77777777777777, "percent_covered_display": "78", "missing_lines": 2, "excluded_lines": 0, "percent_statements_covered": 77.77777777777777, "percent_statements_covered_display": "78"}, "missing_lines": [14, 28], "excluded_lines": []}, "": {"executed_lines": [2, 5, 6, 8, 11, 17, 21, 25, 33, 39], "summary": {"covered_lines": 9, "num_statements": 18, "percent_covered": 50.0, "percent_covered_display": "50", "missing_lines": 9, "excluded_lines": 0, "percent_statements_covered": 50.0, "percent_statements_covered_display": "50"}, "missing_lines": [35, 36, 41, 42, 45, 46, 47, 48, 49], "excluded_lines": []}}}, "src\\kdf\\hkdf.py": {"executed_lines": [1, 5, 7, 8, 20, 36, 37, 39, 40, 42, 43, 45, 47, 48, 49, 50, 53, 56], "summary": {"covered_lines": 17, "num_statements": 23, "percent_covered": 73.91304347826087, "percent_covered_display": "74", "missing_lines": 6, "excluded_lines": 0, "percent_statements_covered": 73.91304347826087, "percent_statements_covered_display": "74"}, "missing_lines": [9, 11, 12, 15, 17, 64], "excluded_lines": [], "functions": {"derive_key": {"executed_lines": [36, 37, 39, 40, 42, 43, 45, 47, 48, 49, 50, 53], "summary": {"covered_lines": 12, "num_statements": 12, "percent_covered": 100.0, "percent_covered_display": "100", "missing_lines": 0, "excluded_lines": 0, "percent_statements_covered": 100.0, "percent_statements_covered_display": "100"}, "missing_lines": [], "excluded_lines": []}, "expand_key": {"executed_lines": [], "summary": {"covered_lines": 0, "num_statements": 1, "percent_covered": 0.0, "percent_covered_display": "0", "missing_lines": 1, "excluded_lines": 0, "percent_statements_covered": 0.0, "percent_statements_covered_display": "0"}, "missing_lines": [64], "excluded_lines": []}, "": {"executed_lines": [1, 5, 7, 8, 20, 56], "summary": {"covered_lines": 5, "num_statements": 10, "percent_covered": 50.0, "percent_covered_display": "50", "missing_lines": 5, "excluded_lines": 0, "percent_statements_covered": 50.0, "percent_statements_covered_display": "50"}, "missing_lines": [9, 11, 12, 15, 17], "excluded_lines": []}}, "classes": {"": {"executed_lines": [1, 5, 7, 8, 20, 36, 37, 39, 40, 42, 43, 45, 47, 48, 49, 50, 53, 56], "summary": {"covered_lines": 17, "num_statements": 23, "percent_covered": 73.91304347826087, "percent_covered_display": "74", "missing_lines": 6, "excluded_lines": 0, "percent_statements_covered": 73.91304347826087, "percent_statements_covered_display": "74"}, "missing_lines": [9, 11, 12, 15, 17, 64], "excluded_lines": []}}}, "src\\kdf\\pbkdf2.py": {"executed_lines": [1, 4, 5, 6, 9, 11, 12, 14, 15, 17, 29, 31, 33, 35, 40, 59, 60, 62, 64, 65, 66, 71, 74, 75, 77, 79, 81, 82, 83, 86, 87, 89, 91, 94, 97, 115], "summary": {"covered_lines": 35, "num_statements": 62, "percent_covered": 56.45161290322581, "percent_covered_display": "56", "missing_lines": 27, "excluded_lines": 0, "percent_statements_covered": 56.45161290322581, "percent_statements_covered_display": "56"}, "missing_lines": [18, 19, 21, 24, 26, 36, 37, 67, 69, 108, 109, 111, 117, 118, 124, 126, 127, 129, 130, 131, 134, 135, 142, 143, 145, 146, 147], "excluded_lines": [], "functions": {"_is_hex_string": {"executed_lines": [31, 33, 35], "summary": {"covered_lines": 3, "num_statements": 5, "percent_covered": 60.0, "percent_covered_display": "60", "missing_lines": 2, "excluded_lines": 0, "percent_statements_covered": 60.0, "percent_statements_covered_display": "60"}, "missing_lines": [36, 37], "excluded_lines": []}, "pbkdf2_hmac_sha256": {"executed_lines": [59, 60, 62, 64, 65, 66, 71, 74, 75, 77, 79, 81, 82, 83, 86, 87, 89, 91, 94], "summary": {"covered_lines": 19, "num_statements": 21, "percent_covered": 90.47619047619048, "percent_covered_display": "90", "missing_lines": 2, "excluded_lines": 0, "percent_statements_covered": 90.47619047619048, "percent_statements_covered_display": "90"}, "missing_lines": [67, 69], "excluded_lines": []}, "pbkdf2": {"executed_lines": [], "summary": {"covered_lines": 0, "num_statements": 3, "percent_covered": 0.0, "percent_covered_display": "0", "missing_lines": 3, "excluded_lines": 0, "percent_statements_covered": 0.0, "percent_statements_covered_display": "0"}, "missing_lines": [108, 109, 111], "excluded_lines": []}, "": {"executed_lines": [1, 4, 5, 6, 9, 11, 12, 14, 15, 17, 29, 40, 97, 115], "summary": {"covered_lines": 13, "num_statements": 33, "percent_covered": 39.39393939393939, "percent_covered_display": "39", "missing_lines": 20, "excluded_lines": 0, "percent_statements_covered": 39.39393939393939, "percent_statements_covered_display": "39"}, "missing_lines": [18, 19, 21, 24, 26, 117, 118, 124, 126, 127, 129, 130, 131, 134, 135, 142, 143, 145, 146, 147], "excluded_lines": []}}, "classes": {"": {"executed_lines": [1, 4, 5, 6, 9, 11, 12, 14, 15, 17, 29, 31, 33, 35, 40, 59, 60, 62, 64, 65, 66, 71, 74, 75, 77, 79, 81, 82, 83, 86, 87, 89, 91, 94, 97, 115], "summary": {"covered_lines": 35, "num_statements": 62, "percent_covered": 56.45161290322581, "percent_covered_display": "56", "missing_lines": 27, "excluded_lines": 0, "percent_statements_covered": 56.45161290322581, "percent_statements_covered_display": "56"}, "missing_lines": [18, 19, 21, 24, 26, 36, 37, 67, 69, 108, 109, 111, 117, 118, 124, 126, 127, 129, 130, 131, 134, 135, 142, 143, 145, 146, 147], "excluded_lines": []}}}, "src\\mac\\__init__.py": {"executed_lines": [2, 6, 8], "summary": {"covered_lines": 2, "num_statements": 2, "percent_covered": 100.0, "percent_covered_display": "100", "missing_lines": 0, "excluded_lines": 0, "percent_statements_covered": 100.0, "percent_statements_covered_display": "100"}, "missing_lines": [], "excluded_lines": [], "functions": {"": {"executed_lines": [2, 6, 8], "summary": {"covered_lines": 2, "num_statements": 2, "percent_covered": 100.0, "percent_covered_display": "100", "missing_lines": 0, "excluded_lines": 0, "percent_statements_covered": 100.0, "percent_statements_covered_display": "100"}, "missing_lines": [], "excluded_lines": []}}, "classes": {"": {"executed_lines": [2, 6, 8], "summary": {"covered_lines": 2, "num_statements": 2, "percent_covered": 100.0, "percent_covered_display": "100", "missing_lines": 0, "excluded_lines": 0, "percent_statements_covered": 100.0, "percent_statements_covered_display": "100"}, "missing_lines": [], "excluded_lines": []}}}, "src\\mac\\cmac.py": {"executed_lines": [], "summary": {"covered_lines": 0, "num_statements": 0, "percent_covered": 100.0, "percent_covered_display": "100", "missing_lines": 0, "excluded_lines": 0, "percent_statements_covered": 100.0, "percent_statements_covered_display": "100"}, "missing_lines": [], "excluded_lines": [], "functions": {"": {"executed_lines": [], "summary": {"covered_lines": 0, "num_statements": 0, "percent_covered": 100.0, "percent_covered_display": "100", "missing_lines": 0, "excluded_lines": 0, "percent_statements_covered": 100.0, "percent_statements_covered_display": "100"}, "missing_lines": [], "excluded_lines": []}}, "classes": {"": {"executed_lines": [], "summary": {"covered_lines": 0, "num_statements": 0, "percent_covered": 100.0, "percent_covered_display": "100", "missing_lines": 0, "excluded_lines": 0, "percent_statements_covered": 100.0, "percent_statements_covered_display": "100"}, "missing_lines": [], "excluded_lines": []}}}, "src\\mac\\hmac.py": {"executed_lines": [2, 3, 4, 5, 8, 9, 14, 17, 19, 22, 23, 28, 30, 31, 32, 33, 34, 35, 36, 41, 42, 43, 45, 46, 47, 48, 57, 59, 66, 67, 68, 69, 70, 76, 77, 79, 81, 83, 85, 97, 98, 101, 102, 105, 106, 107, 108, 109, 117, 118, 119, 120, 121, 128, 130, 132, 143, 145, 148, 151, 153, 155, 158, 159, 160, 161, 165, 167, 168, 171], "summary": {"covered_lines": 70, "num_statements": 91, "percent_covered": 76.92307692307692, "percent_covered_display": "77", "missing_lines": 21, "excluded_lines": 0, "percent_statements_covered": 76.92307692307692, "percent_statements_covered_display": "77"}, "missing_lines": [15, 25, 37, 39, 40, 44, 49, 51, 52, 54, 73, 112, 113, 114, 124, 125, 126, 146, 156, 173, 174], "excluded_lines": [], "functions": {"HMAC.__init__": {"executed_lines": [14, 17, 19, 22, 23, 28, 30, 31, 32, 33, 34, 35, 36, 41, 42, 43, 45, 46, 47, 48, 57], "summary": {"covered_lines": 21, "num_statements": 31, "percent_covered": 67.74193548387096, "percent_covered_display": "68", "missing_lines": 10, "excluded_lines": 0, "percent_statements_covered": 67.74193548387096, "percent_statements_covered_display": "68"}, "missing_lines": [15, 25, 37, 39, 40, 44, 49, 51, 52, 54], "excluded_lines": []}, "HMAC._process_key": {"executed_lines": [66, 67, 68, 69, 70, 76, 77, 79], "summary": {"covered_lines": 8, "num_statements": 9, "percent_covered": 88.88888888888889, "percent_covered_display": "89", "missing_lines": 1, "excluded_lines": 0, "percent_statements_covered": 88.88888888888889, "percent_statements_covered_display": "89"}, "missing_lines": [73], "excluded_lines": []}, "HMAC._xor_bytes": {"executed_lines": [83], "summary": {"covered_lines": 1, "num_statements": 1, "percent_covered": 100.0, "percent_covered_display": "100", "missing_lines": 0, "excluded_lines": 0, "percent_statements_covered": 100.0, "percent_statements_covered_display": "100"}, "missing_lines": [], "excluded_lines": []}, "HMAC.compute": {"executed_lines": [97, 98, 101, 102, 105, 106, 107, 108, 109, 117, 118, 119, 120, 121], "summary": {"covered_lines": 14, "num_statements": 20, "percent_covered": 70.0, "percent_covered_display": "70", "missing_lines": 6, "excluded_lines": 0, "percent_statements_covered": 70.0, "percent_statements_covered_display": "70"}, "missing_lines": [112, 113, 114, 124, 125, 126], "excluded_lines": []}, "HMAC.compute_hex": {"executed_lines": [130], "summary": {"covered_lines": 1, "num_statements": 1, "percent_covered": 100.0, "percent_covered_display": "100", "missing_lines": 0, "excluded_lines": 0, "percent_statements_covered": 100.0, "percent_statements_covered_display": "100"}, "missing_lines": [], "excluded_lines": []}, "HMAC.verify": {"executed_lines": [143, 145, 148, 151], "summary": {"covered_lines": 4, "num_statements": 5, "percent_covered": 80.0, "percent_covered_display": "80", "missing_lines": 1, "excluded_lines": 0, "percent_statements_covered": 80.0, "percent_statements_covered_display": "80"}, "missing_lines": [146], "excluded_lines": []}, "HMAC._constant_time_compare": {"executed_lines": [155, 158, 159, 160, 161], "summary": {"covered_lines": 5, "num_statements": 6, "percent_covered": 83.33333333333333, "percent_covered_display": "83", "missing_lines": 1, "excluded_lines": 0, "percent_statements_covered": 83.33333333333333, "percent_statements_covered_display": "83"}, "missing_lines": [156], "excluded_lines": []}, "hmac_sha256": {"executed_lines": [167, 168], "summary": {"covered_lines": 2, "num_statements": 2, "percent_covered": 100.0, "percent_covered_display": "100", "missing_lines": 0, "excluded_lines": 0, "percent_statements_covered": 100.0, "percent_statements_covered_display": "100"}, "missing_lines": [], "excluded_lines": []}, "hmac_sha256_hex": {"executed_lines": [], "summary": {"covered_lines": 0, "num_statements": 2, "percent_covered": 0.0, "percent_covered_display": "0", "missing_lines": 2, "excluded_lines": 0, "percent_statements_covered": 0.0, "percent_statements_covered_display": "0"}, "missing_lines": [173, 174], "excluded_lines": []}, "": {"executed_lines": [2, 3, 4, 5, 8, 9, 59, 81, 85, 128, 132, 153, 165, 171], "summary": {"covered_lines": 14, "num_statements": 14, "percent_covered": 100.0, "percent_covered_display": "100", "missing_lines": 0, "excluded_lines": 0, "percent_statements_covered": 100.0, "percent_statements_covered_display": "100"}, "missing_lines": [], "excluded_lines": []}}, "classes": {"HMAC": {"executed_lines": [14, 17, 19, 22, 23, 28, 30, 31, 32, 33, 34, 35, 36, 41, 42, 43, 45, 46, 47, 48, 57, 66, 67, 68, 69, 70, 76, 77, 79, 83, 97, 98, 101, 102, 105, 106, 107, 108, 109, 117, 118, 119, 120, 121, 130, 143, 145, 148, 151, 155, 158, 159, 160, 161], "summary": {"covered_lines": 54, "num_statements": 73, "percent_covered": 73.97260273972603, "percent_covered_display": "74", "missing_lines": 19, "excluded_lines": 0, "percent_statements_covered": 73.97260273972603, "percent_statements_covered_display": "74"}, "missing_lines": [15, 25, 37, 39, 40, 44, 49, 51, 52, 54, 73, 112, 113, 114, 124, 125, 126, 146, 156], "excluded_lines": []}, "": {"executed_lines": [2, 3, 4, 5, 8, 9, 59, 81, 85, 128, 132, 153, 165, 167, 168, 171], "summary": {"covered_lines": 16, "num_statements": 18, "percent_covered": 88.88888888888889, "percent_covered_display": "89", "missing_lines": 2, "excluded_lines": 0, "percent_statements_covered": 88.88888888888889, "percent_statements_covered_display": "89"}, "missing_lines": [173, 174], "excluded_lines": []}}}, "src\\main.py": {"executed_lines": [2, 5, 6, 7, 8, 9, 12, 13, 16, 17, 20, 22, 24, 25, 26, 27, 28, 31, 32, 33, 34, 35, 36, 37, 39, 40, 41, 42, 51, 52, 53, 55, 57, 59, 60, 72, 74, 76, 79, 82, 83, 85, 86, 88, 94, 96, 98, 100, 106, 109, 110, 113, 114, 116, 117, 118, 119, 121, 122, 123, 124, 127, 128, 130, 131, 132, 133, 136, 137, 139, 140, 141, 142, 145, 146, 148, 149, 150, 151, 154, 155, 161, 162, 164, 165, 167, 169, 171, 172, 191, 196, 197, 198, 202, 203, 204, 205, 244, 245, 247, 248, 258, 260, 262, 263, 265, 267, 269, 270, 272, 297, 299, 306, 307, 313, 316, 321, 327, 329, 331, 332, 334, 336, 338, 344, 349, 353, 354, 373, 374, 375, 376, 394, 395, 403, 405, 406, 409, 420, 422, 425, 426, 429, 443, 445, 446, 447, 448, 451, 456], "summary": {"covered_lines": 149, "num_statements": 295, "percent_covered": 50.50847457627118, "percent_covered_display": "51", "missing_lines": 146, "excluded_lines": 0, "percent_statements_covered": 50.50847457627118, "percent_statements_covered_display": "51"}, "missing_lines": [43, 44, 46, 47, 48, 61, 62, 63, 64, 65, 66, 67, 69, 70, 90, 91, 92, 102, 103, 126, 135, 144, 153, 158, 174, 176, 180, 182, 186, 187, 189, 192, 193, 194, 199, 200, 207, 208, 209, 210, 211, 213, 214, 215, 216, 218, 219, 220, 221, 222, 224, 225, 226, 227, 229, 230, 231, 232, 233, 235, 236, 237, 238, 241, 250, 252, 253, 254, 255, 256, 274, 275, 278, 279, 280, 281, 282, 284, 285, 286, 288, 289, 290, 291, 293, 294, 301, 302, 308, 309, 311, 317, 318, 319, 323, 324, 325, 339, 341, 355, 356, 357, 358, 359, 360, 361, 362, 363, 364, 365, 367, 370, 377, 379, 380, 381, 382, 383, 384, 385, 386, 389, 390, 391, 411, 412, 413, 414, 415, 416, 417, 430, 431, 432, 433, 434, 435, 436, 438, 439, 440, 449, 450, 452, 453, 457], "excluded_lines": [], "functions": {"CryptoCore.__init__": {"executed_lines": [53], "summary": {"covered_lines": 1, "num_statements": 1, "percent_covered": 100.0, "percent_covered_display": "100", "missing_lines": 0, "excluded_lines": 0, "percent_statements_covered": 100.0, "percent_statements_covered_display": "100"}, "missing_lines": [], "excluded_lines": []}, "CryptoCore.run": {"executed_lines": [57, 59, 60], "summary": {"covered_lines": 3, "num_statements": 12, "percent_covered": 25.0, "percent_covered_display": "25", "missing_lines": 9, "excluded_lines": 0, "percent_statements_covered": 25.0, "percent_statements_covered_display": "25"}, "missing_lines": [61, 62, 63, 64, 65, 66, 67, 69, 70], "excluded_lines": []}, "CryptoCore.handle_encryption": {"executed_lines": [74, 76, 79, 82, 83, 85, 86, 88], "summary": {"covered_lines": 8, "num_statements": 11, "percent_covered": 72.72727272727273, "percent_covered_display": "73", "missing_lines": 3, "excluded_lines": 0, "percent_statements_covered": 72.72727272727273, "percent_statements_covered_display": "73"}, "missing_lines": [90, 91, 92], "excluded_lines": []}, "CryptoCore.handle_encryption_process": {"executed_lines": [96, 98, 100, 106, 109, 110, 113, 114, 116, 117, 118, 119, 121, 122, 123, 124, 127, 128, 130, 131, 132, 133, 136, 137, 139, 140, 141, 142, 145, 146, 148, 149, 150, 151, 154, 155, 161, 162, 164, 165], "summary": {"covered_lines": 40, "num_statements": 47, "percent_covered": 85.1063829787234, "percent_covered_display": "85", "missing_lines": 7, "excluded_lines": 0, "percent_statements_covered": 85.1063829787234, "percent_statements_covered_display": "85"}, "missing_lines": [102, 103, 126, 135, 144, 153, 158], "excluded_lines": []}, "CryptoCore.handle_decryption": {"executed_lines": [169, 171, 172, 191, 196, 197, 198, 202, 203, 204, 205, 244, 245, 247, 248], "summary": {"covered_lines": 15, "num_statements": 61, "percent_covered": 24.59016393442623, "percent_covered_display": "25", "missing_lines": 46, "excluded_lines": 0, "percent_statements_covered": 24.59016393442623, "percent_statements_covered_display": "25"}, "missing_lines": [174, 176, 180, 182, 186, 187, 189, 192, 193, 194, 199, 200, 207, 208, 209, 210, 211, 213, 214, 215, 216, 218, 219, 220, 221, 222, 224, 225, 226, 227, 229, 230, 231, 232, 233, 235, 236, 237, 238, 241, 250, 252, 253, 254, 255, 256], "excluded_lines": []}, "CryptoCore.handle_digest": {"executed_lines": [260, 262, 263, 265, 267, 269, 270, 272, 297, 299, 306, 307, 313, 316, 321], "summary": {"covered_lines": 15, "num_statements": 42, "percent_covered": 35.714285714285715, "percent_covered_display": "36", "missing_lines": 27, "excluded_lines": 0, "percent_statements_covered": 35.714285714285715, "percent_statements_covered_display": "36"}, "missing_lines": [274, 275, 278, 279, 280, 281, 282, 284, 285, 286, 288, 289, 290, 291, 293, 294, 301, 302, 308, 309, 311, 317, 318, 319, 323, 324, 325], "excluded_lines": []}, "CryptoCore.handle_derive": {"executed_lines": [329, 331, 332, 334, 336, 338, 344, 349, 353, 354, 373, 374, 375, 376, 394, 395, 403, 405, 406, 409, 420, 422, 425, 426, 429], "summary": {"covered_lines": 25, "num_statements": 69, "percent_covered": 36.231884057971016, "percent_covered_display": "36", "missing_lines": 44, "excluded_lines": 0, "percent_statements_covered": 36.231884057971016, "percent_statements_covered_display": "36"}, "missing_lines": [339, 341, 355, 356, 357, 358, 359, 360, 361, 362, 363, 364, 365, 367, 370, 377, 379, 380, 381, 382, 383, 384, 385, 386, 389, 390, 391, 411, 412, 413, 414, 415, 416, 417, 430, 431, 432, 433, 434, 435, 436, 438, 439, 440], "excluded_lines": []}, "main": {"executed_lines": [445, 446, 447, 448, 451], "summary": {"covered_lines": 5, "num_statements": 9, "percent_covered": 55.55555555555556, "percent_covered_display": "56", "missing_lines": 4, "excluded_lines": 0, "percent_statements_covered": 55.55555555555556, "percent_statements_covered_display": "56"}, "missing_lines": [449, 450, 452, 453], "excluded_lines": []}, "": {"executed_lines": [2, 5, 6, 7, 8, 9, 12, 13, 16, 17, 20, 22, 24, 25, 26, 27, 28, 31, 32, 33, 34, 35, 36, 37, 39, 40, 41, 42, 51, 52, 55, 72, 94, 167, 258, 327, 443, 456], "summary": {"covered_lines": 37, "num_statements": 43, "percent_covered": 86.04651162790698, "percent_covered_display": "86", "missing_lines": 6, "excluded_lines": 0, "percent_statements_covered": 86.04651162790698, "percent_statements_covered_display": "86"}, "missing_lines": [43, 44, 46, 47, 48, 457], "excluded_lines": []}}, "classes": {"CryptoCore": {"executed_lines": [53, 57, 59, 60, 74, 76, 79, 82, 83, 85, 86, 88, 96, 98, 100, 106, 109, 110, 113, 114, 116, 117, 118, 119, 121, 122, 123, 124, 127, 128, 130, 131, 132, 133, 136, 137, 139, 140, 141, 142, 145, 146, 148, 149, 150, 151, 154, 155, 161, 162, 164, 165, 169, 171, 172, 191, 196, 197, 198, 202, 203, 204, 205, 244, 245, 247, 248, 260, 262, 263, 265, 267, 269, 270, 272, 297, 299, 306, 307, 313, 316, 321, 329, 331, 332, 334, 336, 338, 344, 349, 353, 354, 373, 374, 375, 376, 394, 395, 403, 405, 406, 409, 420, 422, 425, 426, 429], "summary": {"covered_lines": 107, "num_statements": 243, "percent_covered": 44.03292181069959, "percent_covered_display": "44", "missing_lines": 136, "excluded_lines": 0, "percent_statements_covered": 44.03292181069959, "percent_statements_covered_display": "44"}, "missing_lines": [61, 62, 63, 64, 65, 66, 67, 69, 70, 90, 91, 92, 102, 103, 126, 135, 144, 153, 158, 174, 176, 180, 182, 186, 187, 189, 192, 193, 194, 199, 200, 207, 208, 209, 210, 211, 213, 214, 215, 216, 218, 219, 220, 221, 222, 224, 225, 226, 227, 229, 230, 231, 232, 233, 235, 236, 237, 238, 241, 250, 252, 253, 254, 255, 256, 274, 275, 278, 279, 280, 281, 282, 284, 285, 286, 288, 289, 290, 291, 293, 294, 301, 302, 308, 309, 311, 317, 318, 319, 323, 324, 325, 339, 341, 355, 356, 357, 358, 359, 360, 361, 362, 363, 364, 365, 367, 370, 377, 379, 380, 381, 382, 383, 384, 385, 386, 389, 390, 391, 411, 412, 413, 414, 415, 416, 417, 430, 431, 432, 433, 434, 435, 436, 438, 439, 440], "excluded_lines": []}, "": {"executed_lines": [2, 5, 6, 7, 8, 9, 12, 13, 16, 17, 20, 22, 24, 25, 26, 27, 28, 31, 32, 33, 34, 35, 36, 37, 39, 40, 41, 42, 51, 52, 55, 72, 94, 167, 258, 327, 443, 445, 446, 447, 448, 451, 456], "summary": {"covered_lines": 42, "num_statements": 52, "percent_covered": 80.76923076923077, "percent_covered_display": "81", "missing_lines": 10, "excluded_lines": 0, "percent_statements_covered": 80.76923076923077, "percent_statements_covered_display": "81"}, "missing_lines": [43, 44, 46, 47, 48, 449, 450, 452, 453, 457], "excluded_lines": []}}}, "src\\modes\\__init__.py": {"executed_lines": [2, 3, 4, 5, 6, 7, 8, 10], "summary": {"covered_lines": 8, "num_statements": 8, "percent_covered": 100.0, "percent_covered_display": "100", "missing_lines": 0, "excluded_lines": 0, "percent_statements_covered": 100.0, "percent_statements_covered_display": "100"}, "missing_lines": [], "excluded_lines": [], "functions": {"": {"executed_lines": [2, 3, 4, 5, 6, 7, 8, 10], "summary": {"covered_lines": 8, "num_statements": 8, "percent_covered": 100.0, "percent_covered_display": "100", "missing_lines": 0, "excluded_lines": 0, "percent_statements_covered": 100.0, "percent_statements_covered_display": "100"}, "missing_lines": [], "excluded_lines": []}}, "classes": {"": {"executed_lines": [2, 3, 4, 5, 6, 7, 8, 10], "summary": {"covered_lines": 8, "num_statements": 8, "percent_covered": 100.0, "percent_covered_display": "100", "missing_lines": 0, "excluded_lines": 0, "percent_statements_covered": 100.0, "percent_statements_covered_display": "100"}, "missing_lines": [], "excluded_lines": []}}}, "src\\modes\\aead.py": {"executed_lines": [2, 3, 6, 7, 12, 19, 22, 25, 28, 29, 31, 32, 34, 42, 45, 46, 49, 50, 52, 54, 68, 69, 72, 75, 76, 78, 80, 94, 98, 99, 100, 103, 104, 106, 107, 110, 112, 114, 116, 118, 121, 124, 125, 126, 128, 130, 132, 134, 136, 139, 140, 141, 142, 145, 146, 147], "summary": {"covered_lines": 54, "num_statements": 57, "percent_covered": 94.73684210526316, "percent_covered_display": "95", "missing_lines": 3, "excluded_lines": 0, "percent_statements_covered": 94.73684210526316, "percent_statements_covered_display": "95"}, "missing_lines": [20, 95, 137], "excluded_lines": [], "functions": {"AEADEncryptThenMAC.__init__": {"executed_lines": [19, 22, 25, 28, 29, 31, 32], "summary": {"covered_lines": 7, "num_statements": 8, "percent_covered": 87.5, "percent_covered_display": "88", "missing_lines": 1, "excluded_lines": 0, "percent_statements_covered": 87.5, "percent_statements_covered_display": "88"}, "missing_lines": [20], "excluded_lines": []}, "AEADEncryptThenMAC._derive_keys": {"executed_lines": [42, 45, 46, 49, 50, 52], "summary": {"covered_lines": 6, "num_statements": 6, "percent_covered": 100.0, "percent_covered_display": "100", "missing_lines": 0, "excluded_lines": 0, "percent_statements_covered": 100.0, "percent_statements_covered_display": "100"}, "missing_lines": [], "excluded_lines": []}, "AEADEncryptThenMAC.encrypt": {"executed_lines": [68, 69, 72, 75, 76, 78], "summary": {"covered_lines": 6, "num_statements": 6, "percent_covered": 100.0, "percent_covered_display": "100", "missing_lines": 0, "excluded_lines": 0, "percent_statements_covered": 100.0, "percent_statements_covered_display": "100"}, "missing_lines": [], "excluded_lines": []}, "AEADEncryptThenMAC.decrypt": {"executed_lines": [94, 98, 99, 100, 103, 104, 106, 107, 110], "summary": {"covered_lines": 9, "num_statements": 10, "percent_covered": 90.0, "percent_covered_display": "90", "missing_lines": 1, "excluded_lines": 0, "percent_statements_covered": 90.0, "percent_statements_covered_display": "90"}, "missing_lines": [95], "excluded_lines": []}, "AEADEncryptThenMAC._ctr_encrypt": {"executed_lines": [114, 116, 118, 121, 124, 125, 126, 128], "summary": {"covered_lines": 8, "num_statements": 8, "percent_covered": 100.0, "percent_covered_display": "100", "missing_lines": 0, "excluded_lines": 0, "percent_statements_covered": 100.0, "percent_statements_covered_display": "100"}, "missing_lines": [], "excluded_lines": []}, "AEADEncryptThenMAC._ctr_decrypt": {"executed_lines": [132], "summary": {"covered_lines": 1, "num_statements": 1, "percent_covered": 100.0, "percent_covered_display": "100", "missing_lines": 0, "excluded_lines": 0, "percent_statements_covered": 100.0, "percent_statements_covered_display": "100"}, "missing_lines": [], "excluded_lines": []}, "AEADEncryptThenMAC._constant_time_compare": {"executed_lines": [136, 139, 140, 141, 142], "summary": {"covered_lines": 5, "num_statements": 6, "percent_covered": 83.33333333333333, "percent_covered_display": "83", "missing_lines": 1, "excluded_lines": 0, "percent_statements_covered": 83.33333333333333, "percent_statements_covered_display": "83"}, "missing_lines": [137], "excluded_lines": []}, "": {"executed_lines": [2, 3, 6, 7, 12, 34, 54, 80, 112, 130, 134, 145, 146, 147], "summary": {"covered_lines": 12, "num_statements": 12, "percent_covered": 100.0, "percent_covered_display": "100", "missing_lines": 0, "excluded_lines": 0, "percent_statements_covered": 100.0, "percent_statements_covered_display": "100"}, "missing_lines": [], "excluded_lines": []}}, "classes": {"AEADEncryptThenMAC": {"executed_lines": [19, 22, 25, 28, 29, 31, 32, 42, 45, 46, 49, 50, 52, 68, 69, 72, 75, 76, 78, 94, 98, 99, 100, 103, 104, 106, 107, 110, 114, 116, 118, 121, 124, 125, 126, 128, 132, 136, 139, 140, 141, 142], "summary": {"covered_lines": 42, "num_statements": 45, "percent_covered": 93.33333333333333, "percent_covered_display": "93", "missing_lines": 3, "excluded_lines": 0, "percent_statements_covered": 93.33333333333333, "percent_statements_covered_display": "93"}, "missing_lines": [20, 95, 137], "excluded_lines": []}, "AuthenticationError": {"executed_lines": [], "summary": {"covered_lines": 0, "num_statements": 0, "percent_covered": 100.0, "percent_covered_display": "100", "missing_lines": 0, "excluded_lines": 0, "percent_statements_covered": 100.0, "percent_statements_covered_display": "100"}, "missing_lines": [], "excluded_lines": []}, "": {"executed_lines": [2, 3, 6, 7, 12, 34, 54, 80, 112, 130, 134, 145, 146, 147], "summary": {"covered_lines": 12, "num_statements": 12, "percent_covered": 100.0, "percent_covered_display": "100", "missing_lines": 0, "excluded_lines": 0, "percent_statements_covered": 100.0, "percent_statements_covered_display": "100"}, "missing_lines": [], "excluded_lines": []}}}, "src\\modes\\base.py": {"executed_lines": [2, 3, 5, 6, 7, 9, 12], "summary": {"covered_lines": 6, "num_statements": 8, "percent_covered": 75.0, "percent_covered_display": "75", "missing_lines": 2, "excluded_lines": 0, "percent_statements_covered": 75.0, "percent_statements_covered_display": "75"}, "missing_lines": [10, 13], "excluded_lines": [], "functions": {"BaseMode.__init__": {"executed_lines": [6, 7], "summary": {"covered_lines": 2, "num_statements": 2, "percent_covered": 100.0, "percent_covered_display": "100", "missing_lines": 0, "excluded_lines": 0, "percent_statements_covered": 100.0, "percent_statements_covered_display": "100"}, "missing_lines": [], "excluded_lines": []}, "BaseMode.encrypt": {"executed_lines": [], "summary": {"covered_lines": 0, "num_statements": 1, "percent_covered": 0.0, "percent_covered_display": "0", "missing_lines": 1, "excluded_lines": 0, "percent_statements_covered": 0.0, "percent_statements_covered_display": "0"}, "missing_lines": [10], "excluded_lines": []}, "BaseMode.decrypt": {"executed_lines": [], "summary": {"covered_lines": 0, "num_statements": 1, "percent_covered": 0.0, "percent_covered_display": "0", "missing_lines": 1, "excluded_lines": 0, "percent_statements_covered": 0.0, "percent_statements_covered_display": "0"}, "missing_lines": [13], "excluded_lines": []}, "": {"executed_lines": [2, 3, 5, 9, 12], "summary": {"covered_lines": 4, "num_statements": 4, "percent_covered": 100.0, "percent_covered_display": "100", "missing_lines": 0, "excluded_lines": 0, "percent_statements_covered": 100.0, "percent_statements_covered_display": "100"}, "missing_lines": [], "excluded_lines": []}}, "classes": {"BaseMode": {"executed_lines": [6, 7], "summary": {"covered_lines": 2, "num_statements": 4, "percent_covered": 50.0, "percent_covered_display": "50", "missing_lines": 2, "excluded_lines": 0, "percent_statements_covered": 50.0, "percent_statements_covered_display": "50"}, "missing_lines": [10, 13], "excluded_lines": []}, "": {"executed_lines": [2, 3, 5, 9, 12], "summary": {"covered_lines": 4, "num_statements": 4, "percent_covered": 100.0, "percent_covered_display": "100", "missing_lines": 0, "excluded_lines": 0, "percent_statements_covered": 100.0, "percent_statements_covered_display": "100"}, "missing_lines": [], "excluded_lines": []}}}, "src\\modes\\cbc.py": {"executed_lines": [1, 2, 5, 6, 7, 9, 11, 23], "summary": {"covered_lines": 8, "num_statements": 37, "percent_covered": 21.62162162162162, "percent_covered_display": "22", "missing_lines": 29, "excluded_lines": 0, "percent_statements_covered": 21.62162162162162, "percent_statements_covered_display": "22"}, "missing_lines": [8, 10, 12, 13, 14, 15, 16, 17, 18, 19, 20, 21, 24, 25, 26, 27, 28, 29, 30, 31, 32, 33, 34, 35, 36, 37, 38, 39, 40], "excluded_lines": [], "functions": {"CBCMode.encrypt": {"executed_lines": [7, 9, 11], "summary": {"covered_lines": 3, "num_statements": 15, "percent_covered": 20.0, "percent_covered_display": "20", "missing_lines": 12, "excluded_lines": 0, "percent_statements_covered": 20.0, "percent_statements_covered_display": "20"}, "missing_lines": [8, 10, 12, 13, 14, 15, 16, 17, 18, 19, 20, 21], "excluded_lines": []}, "CBCMode.decrypt": {"executed_lines": [], "summary": {"covered_lines": 0, "num_statements": 17, "percent_covered": 0.0, "percent_covered_display": "0", "missing_lines": 17, "excluded_lines": 0, "percent_statements_covered": 0.0, "percent_statements_covered_display": "0"}, "missing_lines": [24, 25, 26, 27, 28, 29, 30, 31, 32, 33, 34, 35, 36, 37, 38, 39, 40], "excluded_lines": []}, "": {"executed_lines": [1, 2, 5, 6, 23], "summary": {"covered_lines": 5, "num_statements": 5, "percent_covered": 100.0, "percent_covered_display": "100", "missing_lines": 0, "excluded_lines": 0, "percent_statements_covered": 100.0, "percent_statements_covered_display": "100"}, "missing_lines": [], "excluded_lines": []}}, "classes": {"CBCMode": {"executed_lines": [7, 9, 11], "summary": {"covered_lines": 3, "num_statements": 32, "percent_covered": 9.375, "percent_covered_display": "9", "missing_lines": 29, "excluded_lines": 0, "percent_statements_covered": 9.375, "percent_statements_covered_display": "9"}, "missing_lines": [8, 10, 12, 13, 14, 15, 16, 17, 18, 19, 20, 21, 24, 25, 26, 27, 28, 29, 30, 31, 32, 33, 34, 35, 36, 37, 38, 39, 40], "excluded_lines": []}, "": {"executed_lines": [1, 2, 5, 6, 23], "summary": {"covered_lines": 5, "num_statements": 5, "percent_covered": 100.0, "percent_covered_display": "100", "missing_lines": 0, "excluded_lines": 0, "percent_statements_covered": 100.0, "percent_statements_covered_display": "100"}, "missing_lines": [], "excluded_lines": []}}}, "src\\modes\\cfb.py": {"executed_lines": [1, 2, 5, 6, 7, 9, 11, 12, 13, 14, 15, 16, 17, 18, 19, 20, 22], "summary": {"covered_lines": 17, "num_statements": 33, "percent_covered": 51.515151515151516, "percent_covered_display": "52", "missing_lines": 16, "excluded_lines": 0, "percent_statements_covered": 51.515151515151516, "percent_statements_covered_display": "52"}, "missing_lines": [8, 10, 23, 24, 25, 26, 27, 28, 29, 30, 31, 32, 33, 34, 35, 36], "excluded_lines": [], "functions": {"CFBMode.encrypt": {"executed_lines": [7, 9, 11, 12, 13, 14, 15, 16, 17, 18, 19, 20], "summary": {"covered_lines": 12, "num_statements": 14, "percent_covered": 85.71428571428571, "percent_covered_display": "86", "missing_lines": 2, "excluded_lines": 0, "percent_statements_covered": 85.71428571428571, "percent_statements_covered_display": "86"}, "missing_lines": [8, 10], "excluded_lines": []}, "CFBMode.decrypt": {"executed_lines": [], "summary": {"covered_lines": 0, "num_statements": 14, "percent_covered": 0.0, "percent_covered_display": "0", "missing_lines": 14, "excluded_lines": 0, "percent_statements_covered": 0.0, "percent_statements_covered_display": "0"}, "missing_lines": [23, 24, 25, 26, 27, 28, 29, 30, 31, 32, 33, 34, 35, 36], "excluded_lines": []}, "": {"executed_lines": [1, 2, 5, 6, 22], "summary": {"covered_lines": 5, "num_statements": 5, "percent_covered": 100.0, "percent_covered_display": "100", "missing_lines": 0, "excluded_lines": 0, "percent_statements_covered": 100.0, "percent_statements_covered_display": "100"}, "missing_lines": [], "excluded_lines": []}}, "classes": {"CFBMode": {"executed_lines": [7, 9, 11, 12, 13, 14, 15, 16, 17, 18, 19, 20], "summary": {"covered_lines": 12, "num_statements": 28, "percent_covered": 42.857142857142854, "percent_covered_display": "43", "missing_lines": 16, "excluded_lines": 0, "percent_statements_covered": 42.857142857142854, "percent_statements_covered_display": "43"}, "missing_lines": [8, 10, 23, 24, 25, 26, 27, 28, 29, 30, 31, 32, 33, 34, 35, 36], "excluded_lines": []}, "": {"executed_lines": [1, 2, 5, 6, 22], "summary": {"covered_lines": 5, "num_statements": 5, "percent_covered": 100.0, "percent_covered_display": "100", "missing_lines": 0, "excluded_lines": 0, "percent_statements_covered": 100.0, "percent_statements_covered_display": "100"}, "missing_lines": [], "excluded_lines": []}}}, "src\\modes\\ctr.py": {"executed_lines": [1, 2, 3, 6, 7, 8, 10, 12, 13, 14, 16, 17, 19, 20, 22, 24, 27, 28, 29, 31, 32, 33, 34, 35, 36, 37, 40, 42, 43, 45, 47, 48, 50, 54, 55, 56, 58, 59, 60, 61, 62, 63, 64, 66], "summary": {"covered_lines": 44, "num_statements": 47, "percent_covered": 93.61702127659575, "percent_covered_display": "94", "missing_lines": 3, "excluded_lines": 0, "percent_statements_covered": 93.61702127659575, "percent_statements_covered_display": "94"}, "missing_lines": [25, 46, 51], "excluded_lines": [], "functions": {"CTRMode.encrypt": {"executed_lines": [8, 10, 12, 13, 14, 16, 17, 19, 20, 22, 24, 27, 28, 29, 31, 32, 33, 34, 35, 36, 37, 40], "summary": {"covered_lines": 22, "num_statements": 23, "percent_covered": 95.65217391304348, "percent_covered_display": "96", "missing_lines": 1, "excluded_lines": 0, "percent_statements_covered": 95.65217391304348, "percent_statements_covered_display": "96"}, "missing_lines": [25], "excluded_lines": []}, "CTRMode.decrypt": {"executed_lines": [43, 45, 47, 48, 50, 54, 55, 56, 58, 59, 60, 61, 62, 63, 64, 66], "summary": {"covered_lines": 16, "num_statements": 18, "percent_covered": 88.88888888888889, "percent_covered_display": "89", "missing_lines": 2, "excluded_lines": 0, "percent_statements_covered": 88.88888888888889, "percent_statements_covered_display": "89"}, "missing_lines": [46, 51], "excluded_lines": []}, "": {"executed_lines": [1, 2, 3, 6, 7, 42], "summary": {"covered_lines": 6, "num_statements": 6, "percent_covered": 100.0, "percent_covered_display": "100", "missing_lines": 0, "excluded_lines": 0, "percent_statements_covered": 100.0, "percent_statements_covered_display": "100"}, "missing_lines": [], "excluded_lines": []}}, "classes": {"CTRMode": {"executed_lines": [8, 10, 12, 13, 14, 16, 17, 19, 20, 22, 24, 27, 28, 29, 31, 32, 33, 34, 35, 36, 37, 40, 43, 45, 47, 48, 50, 54, 55, 56, 58, 59, 60, 61, 62, 63, 64, 66], "summary": {"covered_lines": 38, "num_statements": 41, "percent_covered": 92.6829268292683, "percent_covered_display": "93", "missing_lines": 3, "excluded_lines": 0, "percent_statements_covered": 92.6829268292683, "percent_statements_covered_display": "93"}, "missing_lines": [25, 46, 51], "excluded_lines": []}, "": {"executed_lines": [1, 2, 3, 6, 7, 42], "summary": {"covered_lines": 6, "num_statements": 6, "percent_covered": 100.0, "percent_covered_display": "100", "missing_lines": 0, "excluded_lines": 0, "percent_statements_covered": 100.0, "percent_statements_covered_display": "100"}, "missing_lines": [], "excluded_lines": []}}}, "src\\modes\\ecb.py": {"executed_lines": [1, 2, 5, 6, 7, 16, 17, 19, 20, 21, 22, 23, 24, 25, 26], "summary": {"covered_lines": 15, "num_statements": 23, "percent_covered": 65.21739130434783, "percent_covered_display": "65", "missing_lines": 8, "excluded_lines": 0, "percent_statements_covered": 65.21739130434783, "percent_statements_covered_display": "65"}, "missing_lines": [8, 9, 10, 11, 12, 13, 14, 18], "excluded_lines": [], "functions": {"ECBMode.encrypt": {"executed_lines": [7], "summary": {"covered_lines": 1, "num_statements": 8, "percent_covered": 12.5, "percent_covered_display": "12", "missing_lines": 7, "excluded_lines": 0, "percent_statements_covered": 12.5, "percent_statements_covered_display": "12"}, "missing_lines": [8, 9, 10, 11, 12, 13, 14], "excluded_lines": []}, "ECBMode.decrypt": {"executed_lines": [17, 19, 20, 21, 22, 23, 24, 25, 26], "summary": {"covered_lines": 9, "num_statements": 10, "percent_covered": 90.0, "percent_covered_display": "90", "missing_lines": 1, "excluded_lines": 0, "percent_statements_covered": 90.0, "percent_statements_covered_display": "90"}, "missing_lines": [18], "excluded_lines": []}, "": {"executed_lines": [1, 2, 5, 6, 16], "summary": {"covered_lines": 5, "num_statements": 5, "percent_covered": 100.0, "percent_covered_display": "100", "missing_lines": 0, "excluded_lines": 0, "percent_statements_covered": 100.0, "percent_statements_covered_display": "100"}, "missing_lines": [], "excluded_lines": []}}, "classes": {"ECBMode": {"executed_lines": [7, 17, 19, 20, 21, 22, 23, 24, 25, 26], "summary": {"covered_lines": 10, "num_statements": 18, "percent_covered": 55.55555555555556, "percent_covered_display": "56", "missing_lines": 8, "excluded_lines": 0, "percent_statements_covered": 55.55555555555556, "percent_statements_covered_display": "56"}, "missing_lines": [8, 9, 10, 11, 12, 13, 14, 18], "excluded_lines": []}, "": {"executed_lines": [1, 2, 5, 6, 16], "summary": {"covered_lines": 5, "num_statements": 5, "percent_covered": 100.0, "percent_covered_display": "100", "missing_lines": 0, "excluded_lines": 0, "percent_statements_covered": 100.0, "percent_statements_covered_display": "100"}, "missing_lines": [], "excluded_lines": []}}}, "src\\modes\\gcm.py": {"executed_lines": [2, 3, 6, 7, 10, 11, 13, 14, 16, 17, 18, 19, 21, 22, 34, 35, 36, 38, 39, 41, 42, 45, 48, 49, 50, 53, 55, 56, 57, 58, 61, 62, 63, 64, 66, 68, 71, 75, 76, 79, 82, 83, 84, 85, 86, 87, 90, 91, 92, 93, 94, 95, 98, 101, 103, 104, 105, 108, 109, 111, 113, 115, 118, 119, 121, 122, 123, 124, 125, 126, 128, 130, 132, 135, 136, 139, 142, 143, 146, 147, 149, 150, 151, 152, 153, 156, 158, 161, 162, 163, 166, 169, 171, 172, 176, 179, 183, 184, 187, 190, 191, 193, 194, 195, 198, 199, 202, 206, 207, 209, 210, 211, 212, 213, 215, 217, 221, 222, 224, 259], "summary": {"covered_lines": 119, "num_statements": 191, "percent_covered": 62.303664921465966, "percent_covered_display": "62", "missing_lines": 72, "excluded_lines": 0, "percent_statements_covered": 62.303664921465966, "percent_statements_covered_display": "62"}, "missing_lines": [23, 24, 25, 26, 27, 28, 29, 30, 32, 43, 72, 106, 116, 133, 167, 173, 180, 181, 203, 226, 229, 230, 232, 233, 234, 236, 237, 238, 241, 247, 251, 252, 255, 260, 261, 264, 265, 266, 268, 269, 271, 272, 274, 275, 277, 279, 280, 282, 284, 285, 287, 288, 290, 291, 293, 295, 296, 298, 300, 301, 302, 304, 305, 307, 308, 310, 311, 312, 313, 315, 316, 317], "excluded_lines": [], "functions": {"GCM.__init__": {"executed_lines": [13, 14, 16, 17, 18, 19, 21, 22, 34, 35, 36], "summary": {"covered_lines": 11, "num_statements": 20, "percent_covered": 55.0, "percent_covered_display": "55", "missing_lines": 9, "excluded_lines": 0, "percent_statements_covered": 55.0, "percent_statements_covered_display": "55"}, "missing_lines": [23, 24, 25, 26, 27, 28, 29, 30, 32], "excluded_lines": []}, "GCM.nonce": {"executed_lines": [41, 42], "summary": {"covered_lines": 2, "num_statements": 3, "percent_covered": 66.66666666666667, "percent_covered_display": "67", "missing_lines": 1, "excluded_lines": 0, "percent_statements_covered": 66.66666666666667, "percent_statements_covered_display": "67"}, "missing_lines": [43], "excluded_lines": []}, "GCM._gf_mult": {"executed_lines": [48, 49, 50, 53, 55, 56, 57, 58, 61, 62, 63, 64, 66], "summary": {"covered_lines": 13, "num_statements": 13, "percent_covered": 100.0, "percent_covered_display": "100", "missing_lines": 0, "excluded_lines": 0, "percent_statements_covered": 100.0, "percent_statements_covered_display": "100"}, "missing_lines": [], "excluded_lines": []}, "GCM._ghash": {"executed_lines": [71, 75, 76, 79, 82, 83, 84, 85, 86, 87, 90, 91, 92, 93, 94, 95, 98, 101, 103, 104, 105, 108, 109, 111], "summary": {"covered_lines": 24, "num_statements": 26, "percent_covered": 92.3076923076923, "percent_covered_display": "92", "missing_lines": 2, "excluded_lines": 0, "percent_statements_covered": 92.3076923076923, "percent_statements_covered_display": "92"}, "missing_lines": [72, 106], "excluded_lines": []}, "GCM._inc32": {"executed_lines": [115, 118, 119, 121, 122, 123, 124, 125, 126, 128], "summary": {"covered_lines": 10, "num_statements": 11, "percent_covered": 90.9090909090909, "percent_covered_display": "91", "missing_lines": 1, "excluded_lines": 0, "percent_statements_covered": 90.9090909090909, "percent_statements_covered_display": "91"}, "missing_lines": [116], "excluded_lines": []}, "GCM.encrypt": {"executed_lines": [132, 135, 136, 139, 142, 143, 146, 147, 149, 150, 151, 152, 153, 156, 158, 161, 162, 163, 166, 169], "summary": {"covered_lines": 20, "num_statements": 22, "percent_covered": 90.9090909090909, "percent_covered_display": "91", "missing_lines": 2, "excluded_lines": 0, "percent_statements_covered": 90.9090909090909, "percent_statements_covered_display": "91"}, "missing_lines": [133, 167], "excluded_lines": []}, "GCM.decrypt": {"executed_lines": [172, 176, 179, 183, 184, 187, 190, 191, 193, 194, 195, 198, 199, 202, 206, 207, 209, 210, 211, 212, 213, 215, 217], "summary": {"covered_lines": 23, "num_statements": 27, "percent_covered": 85.18518518518519, "percent_covered_display": "85", "missing_lines": 4, "excluded_lines": 0, "percent_statements_covered": 85.18518518518519, "percent_statements_covered_display": "85"}, "missing_lines": [173, 180, 181, 203], "excluded_lines": []}, "GCM_NIST.encrypt": {"executed_lines": [], "summary": {"covered_lines": 0, "num_statements": 14, "percent_covered": 0.0, "percent_covered_display": "0", "missing_lines": 14, "excluded_lines": 0, "percent_statements_covered": 0.0, "percent_statements_covered_display": "0"}, "missing_lines": [226, 229, 230, 232, 233, 234, 236, 237, 238, 241, 247, 251, 252, 255], "excluded_lines": []}, "": {"executed_lines": [2, 3, 6, 7, 10, 11, 38, 39, 45, 68, 113, 130, 171, 221, 222, 224, 259], "summary": {"covered_lines": 16, "num_statements": 55, "percent_covered": 29.09090909090909, "percent_covered_display": "29", "missing_lines": 39, "excluded_lines": 0, "percent_statements_covered": 29.09090909090909, "percent_statements_covered_display": "29"}, "missing_lines": [260, 261, 264, 265, 266, 268, 269, 271, 272, 274, 275, 277, 279, 280, 282, 284, 285, 287, 288, 290, 291, 293, 295, 296, 298, 300, 301, 302, 304, 305, 307, 308, 310, 311, 312, 313, 315, 316, 317], "excluded_lines": []}}, "classes": {"AuthenticationError": {"executed_lines": [], "summary": {"covered_lines": 0, "num_statements": 0, "percent_covered": 100.0, "percent_covered_display": "100", "missing_lines": 0, "excluded_lines": 0, "percent_statements_covered": 100.0, "percent_statements_covered_display": "100"}, "missing_lines": [], "excluded_lines": []}, "GCM": {"executed_lines": [13, 14, 16, 17, 18, 19, 21, 22, 34, 35, 36, 41, 42, 48, 49, 50, 53, 55, 56, 57, 58, 61, 62, 63, 64, 66, 71, 75, 76, 79, 82, 83, 84, 85, 86, 87, 90, 91, 92, 93, 94, 95, 98, 101, 103, 104, 105, 108, 109, 111, 115, 118, 119, 121, 122, 123, 124, 125, 126, 128, 132, 135, 136, 139, 142, 143, 146, 147, 149, 150, 151, 152, 153, 156, 158, 161, 162, 163, 166, 169, 172, 176, 179, 183, 184, 187, 190, 191, 193, 194, 195, 198, 199, 202, 206, 207, 209, 210, 211, 212, 213, 215, 217], "summary": {"covered_lines": 103, "num_statements": 122, "percent_covered": 84.42622950819673, "percent_covered_display": "84", "missing_lines": 19, "excluded_lines": 0, "percent_statements_covered": 84.42622950819673, "percent_statements_covered_display": "84"}, "missing_lines": [23, 24, 25, 26, 27, 28, 29, 30, 32, 43, 72, 106, 116, 133, 167, 173, 180, 181, 203], "excluded_lines": []}, "GCM_NIST": {"executed_lines": [], "summary": {"covered_lines": 0, "num_statements": 14, "percent_covered": 0.0, "percent_covered_display": "0", "missing_lines": 14, "excluded_lines": 0, "percent_statements_covered": 0.0, "percent_statements_covered_display": "0"}, "missing_lines": [226, 229, 230, 232, 233, 234, 236, 237, 238, 241, 247, 251, 252, 255], "excluded_lines": []}, "": {"executed_lines": [2, 3, 6, 7, 10, 11, 38, 39, 45, 68, 113, 130, 171, 221, 222, 224, 259], "summary": {"covered_lines": 16, "num_statements": 55, "percent_covered": 29.09090909090909, "percent_covered_display": "29", "missing_lines": 39, "excluded_lines": 0, "percent_statements_covered": 29.09090909090909, "percent_statements_covered_display": "29"}, "missing_lines": [260, 261, 264, 265, 266, 268, 269, 271, 272, 274, 275, 277, 279, 280, 282, 284, 285, 287, 288, 290, 291, 293, 295, 296, 298, 300, 301, 302, 304, 305, 307, 308, 310, 311, 312, 313, 315, 316, 317], "excluded_lines": []}}}, "src\\modes\\ofb.py": {"executed_lines": [1, 2, 5, 6, 7, 9, 11, 12, 13, 14, 15, 16, 17, 18, 19, 20, 22], "summary": {"covered_lines": 17, "num_statements": 24, "percent_covered": 70.83333333333333, "percent_covered_display": "71", "missing_lines": 7, "excluded_lines": 0, "percent_statements_covered": 70.83333333333333, "percent_statements_covered_display": "71"}, "missing_lines": [8, 10, 23, 24, 25, 26, 27], "excluded_lines": [], "functions": {"OFBMode.encrypt": {"executed_lines": [7, 9, 11, 12, 13, 14, 15, 16, 17, 18, 19, 20], "summary": {"covered_lines": 12, "num_statements": 14, "percent_covered": 85.71428571428571, "percent_covered_display": "86", "missing_lines": 2, "excluded_lines": 0, "percent_statements_covered": 85.71428571428571, "percent_statements_covered_display": "86"}, "missing_lines": [8, 10], "excluded_lines": []}, "OFBMode.decrypt": {"executed_lines": [], "summary": {"covered_lines": 0, "num_statements": 5, "percent_covered": 0.0, "percent_covered_display": "0", "missing_lines": 5, "excluded_lines": 0, "percent_statements_covered": 0.0, "percent_statements_covered_display": "0"}, "missing_lines": [23, 24, 25, 26, 27], "excluded_lines": []}, "": {"executed_lines": [1, 2, 5, 6, 22], "summary": {"covered_lines": 5, "num_statements": 5, "percent_covered": 100.0, "percent_covered_display": "100", "missing_lines": 0, "excluded_lines": 0, "percent_statements_covered": 100.0, "percent_statements_covered_display": "100"}, "missing_lines": [], "excluded_lines": []}}, "classes": {"OFBMode": {"executed_lines": [7, 9, 11, 12, 13, 14, 15, 16, 17, 18, 19, 20], "summary": {"covered_lines": 12, "num_statements": 19, "percent_covered": 63.1578947368421, "percent_covered_display": "63", "missing_lines": 7, "excluded_lines": 0, "percent_statements_covered": 63.1578947368421, "percent_statements_covered_display": "63"}, "missing_lines": [8, 10, 23, 24, 25, 26, 27], "excluded_lines": []}, "": {"executed_lines": [1, 2, 5, 6, 22], "summary": {"covered_lines": 5, "num_statements": 5, "percent_covered": 100.0, "percent_covered_display": "100", "missing_lines": 0, "excluded_lines": 0, "percent_statements_covered": 100.0, "percent_statements_covered_display": "100"}, "missing_lines": [], "excluded_lines": []}}}, "src\\quick_test.py": {"executed_lines": [], "summary": {"covered_lines": 0, "num_statements": 32, "percent_covered": 0.0, "percent_covered_display": "0", "missing_lines": 32, "excluded_lines": 0, "percent_statements_covered": 0.0, "percent_statements_covered_display": "0"}, "missing_lines": [3, 4, 7, 9, 11, 13, 15, 18, 19, 22, 23, 25, 26, 28, 29, 31, 33, 34, 35, 38, 39, 41, 42, 43, 44, 47, 49, 50, 51, 52, 53, 54], "excluded_lines": [], "functions": {"": {"executed_lines": [], "summary": {"covered_lines": 0, "num_statements": 32, "percent_covered": 0.0, "percent_covered_display": "0", "missing_lines": 32, "excluded_lines": 0, "percent_statements_covered": 0.0, "percent_statements_covered_display": "0"}, "missing_lines": [3, 4, 7, 9, 11, 13, 15, 18, 19, 22, 23, 25, 26, 28, 29, 31, 33, 34, 35, 38, 39, 41, 42, 43, 44, 47, 49, 50, 51, 52, 53, 54], "excluded_lines": []}}, "classes": {"": {"executed_lines": [], "summary": {"covered_lines": 0, "num_statements": 32, "percent_covered": 0.0, "percent_covered_display": "0", "missing_lines": 32, "excluded_lines": 0, "percent_statements_covered": 0.0, "percent_statements_covered_display": "0"}, "missing_lines": [3, 4, 7, 9, 11, 13, 15, 18, 19, 22, 23, 25, 26, 28, 29, 31, 33, 34, 35, 38, 39, 41, 42, 43, 44, 47, 49, 50, 51, 52, 53, 54], "excluded_lines": []}}}, "src\\test_gcm_final.py": {"executed_lines": [], "summary": {"covered_lines": 0, "num_statements": 92, "percent_covered": 0.0, "percent_covered_display": "0", "missing_lines": 92, "excluded_lines": 0, "percent_statements_covered": 0.0, "percent_statements_covered_display": "0"}, "missing_lines": [5, 6, 8, 9, 12, 13, 15, 16, 17, 20, 21, 24, 33, 34, 35, 37, 40, 42, 44, 48, 49, 50, 51, 53, 55, 57, 58, 62, 63, 64, 65, 67, 70, 72, 75, 78, 81, 82, 83, 85, 86, 87, 89, 90, 93, 94, 96, 99, 100, 102, 103, 105, 106, 107, 110, 111, 112, 113, 114, 115, 116, 117, 118, 121, 122, 123, 124, 126, 127, 128, 129, 130, 131, 132, 133, 135, 136, 137, 138, 139, 140, 141, 142, 143, 145, 146, 147, 149, 151, 152, 155, 158], "excluded_lines": [], "functions": {"StubAES.__init__": {"executed_lines": [], "summary": {"covered_lines": 0, "num_statements": 2, "percent_covered": 0.0, "percent_covered_display": "0", "missing_lines": 2, "excluded_lines": 0, "percent_statements_covered": 0.0, "percent_statements_covered_display": "0"}, "missing_lines": [50, 51], "excluded_lines": []}, "StubAES.encrypt": {"executed_lines": [], "summary": {"covered_lines": 0, "num_statements": 3, "percent_covered": 0.0, "percent_covered_display": "0", "missing_lines": 3, "excluded_lines": 0, "percent_statements_covered": 0.0, "percent_statements_covered_display": "0"}, "missing_lines": [55, 57, 58], "excluded_lines": []}, "": {"executed_lines": [], "summary": {"covered_lines": 0, "num_statements": 87, "percent_covered": 0.0, "percent_covered_display": "0", "missing_lines": 87, "excluded_lines": 0, "percent_statements_covered": 0.0, "percent_statements_covered_display": "0"}, "missing_lines": [5, 6, 8, 9, 12, 13, 15, 16, 17, 20, 21, 24, 33, 34, 35, 37, 40, 42, 44, 48, 49, 53, 62, 63, 64, 65, 67, 70, 72, 75, 78, 81, 82, 83, 85, 86, 87, 89, 90, 93, 94, 96, 99, 100, 102, 103, 105, 106, 107, 110, 111, 112, 113, 114, 115, 116, 117, 118, 121, 122, 123, 124, 126, 127, 128, 129, 130, 131, 132, 133, 135, 136, 137, 138, 139, 140, 141, 142, 143, 145, 146, 147, 149, 151, 152, 155, 158], "excluded_lines": []}}, "classes": {"StubAES": {"executed_lines": [], "summary": {"covered_lines": 0, "num_statements": 5, "percent_covered": 0.0, "percent_covered_display": "0", "missing_lines": 5, "excluded_lines": 0, "percent_statements_covered": 0.0, "percent_statements_covered_display": "0"}, "missing_lines": [50, 51, 55, 57, 58], "excluded_lines": []}, "": {"executed_lines": [], "summary": {"covered_lines": 0, "num_statements": 87, "percent_covered": 0.0, "percent_covered_display": "0", "missing_lines": 87, "excluded_lines": 0, "percent_statements_covered": 0.0, "percent_statements_covered_display": "0"}, "missing_lines": [5, 6, 8, 9, 12, 13, 15, 16, 17, 20, 21, 24, 33, 34, 35, 37, 40, 42, 44, 48, 49, 53, 62, 63, 64, 65, 67, 70, 72, 75, 78, 81, 82, 83, 85, 86, 87, 89, 90, 93, 94, 96, 99, 100, 102, 103, 105, 106, 107, 110, 111, 112, 113, 114, 115, 116, 117, 118, 121, 122, 123, 124, 126, 127, 128, 129, 130, 131, 132, 133, 135, 136, 137, 138, 139, 140, 141, 142, 143, 145, 146, 147, 149, 151, 152, 155, 158], "excluded_lines": []}}}}, "totals": {"covered_lines": 931, "num_statements": 1823, "percent_covered": 51.06966538672518, "percent_covered_display": "51", "missing_lines": 892, "excluded_lines": 0, "percent_statements_covered": 51.06966538672518, "percent_statements_covered_display": "51"}}